This is LuaTeX, Version 0.95.0 (TeX Live 2016)  (format=lualatex 2016.8.24)  5 MAR 2017 16:42
 restricted system commands enabled.
**Thesis
(./Thesis.tex
LaTeX2e <2016/03/31>
Babel <3.9r> and hyphenation patterns for 1 language(s) loaded.
(./Thesis.cls
Document Class: Thesis 2007/22/02 v1.0 LaTeX document class
(/usr/local/texlive/2016/texmf-dist/tex/latex/graphics/graphicx.sty
Package: graphicx 2014/10/28 v1.0g Enhanced LaTeX Graphics (DPC,SPQR)

(/usr/local/texlive/2016/texmf-dist/tex/latex/graphics/keyval.sty
Package: keyval 2014/10/28 v1.15 key=value parser (DPC)
\KV@toks@=\toks14
)
(/usr/local/texlive/2016/texmf-dist/tex/latex/graphics/graphics.sty
Package: graphics 2016/05/09 v1.0r Standard LaTeX Graphics (DPC,SPQR)

(/usr/local/texlive/2016/texmf-dist/tex/latex/graphics/trig.sty
Package: trig 2016/01/03 v1.10 sin cos tan (DPC)
)
(/usr/local/texlive/2016/texmf-dist/tex/latex/graphics-cfg/graphics.cfg
File: graphics.cfg 2016/01/02 v1.10 sample graphics configuration
)
Package graphics Info: Driver file: luatex.def on input line 96.

(/usr/local/texlive/2016/texmf-dist/tex/lualatex/luatex-def/luatex.def
File: luatex.def 2016/01/23 v0.01b Graphics/Color for luaTeX

(/usr/local/texlive/2016/texmf-dist/tex/generic/oberdiek/infwarerr.sty
Package: infwarerr 2016/05/16 v1.4 Providing info/warning/error messages (HO)
)
(/usr/local/texlive/2016/texmf-dist/tex/generic/oberdiek/ltxcmds.sty
Package: ltxcmds 2016/05/16 v1.23 LaTeX kernel commands for general use (HO)
)
\Gread@gobject=\count79
))
\Gin@req@height=\dimen102
\Gin@req@width=\dimen103
)
(/usr/local/texlive/2016/texmf-dist/tex/latex/ncctools/watermark.sty
Package: watermark 2004/12/09 v1.1 Watermarks (NCC)
)
(/usr/local/texlive/2016/texmf-dist/tex/latex/base/book.cls
Document Class: book 2014/09/29 v1.4h Standard LaTeX document class
(/usr/local/texlive/2016/texmf-dist/tex/latex/base/bk11.clo
File: bk11.clo 2014/09/29 v1.4h Standard LaTeX file (size option)
)
\c@part=\count80
\c@chapter=\count81
\c@section=\count82
\c@subsection=\count83
\c@subsubsection=\count84
\c@paragraph=\count85
\c@subparagraph=\count86
\c@figure=\count87
\c@table=\count88
\abovecaptionskip=\skip41
\belowcaptionskip=\skip42
\bibindent=\dimen104
)
(/usr/local/texlive/2016/texmf-dist/tex/latex/setspace/setspace.sty
Package: setspace 2011/12/19 v6.7a set line spacing
)
(/usr/local/texlive/2016/texmf-dist/tex/latex/vmargin/vmargin.sty
Package: vmargin 2004/07/15 V2.5 set document margins (VK)

Package: vmargin 2004/07/15 V2.5 set document margins (VK)
\PaperWidth=\dimen105
\PaperHeight=\dimen106
) (/usr/local/texlive/2016/texmf-dist/tex/latex/fancyhdr/fancyhdr.sty
\fancy@headwidth=\skip43
\f@ncyO@elh=\skip44
\f@ncyO@erh=\skip45
\f@ncyO@olh=\skip46
\f@ncyO@orh=\skip47
\f@ncyO@elf=\skip48
\f@ncyO@erf=\skip49
\f@ncyO@olf=\skip50
\f@ncyO@orf=\skip51
)
(/usr/local/texlive/2016/texmf-dist/tex/latex/amsmath/amsmath.sty
Package: amsmath 2016/03/10 v2.15b AMS math features
\@mathmargin=\skip52

For additional information on amsmath, use the `?' option.
(/usr/local/texlive/2016/texmf-dist/tex/latex/amsmath/amstext.sty
Package: amstext 2000/06/29 v2.01 AMS text

(/usr/local/texlive/2016/texmf-dist/tex/latex/amsmath/amsgen.sty
File: amsgen.sty 1999/11/30 v2.0 generic functions
\@emptytoks=\toks15
\ex@=\dimen107
))
(/usr/local/texlive/2016/texmf-dist/tex/latex/amsmath/amsbsy.sty
Package: amsbsy 1999/11/29 v1.2d Bold Symbols
\pmbraise@=\dimen108
)
(/usr/local/texlive/2016/texmf-dist/tex/latex/amsmath/amsopn.sty
Package: amsopn 2016/03/08 v2.02 operator names
)
\inf@bad=\count89
LaTeX Info: Redefining \frac on input line 199.
\uproot@=\count90
\leftroot@=\count91
LaTeX Info: Redefining \overline on input line 297.
\classnum@=\count92
\DOTSCASE@=\count93
LaTeX Info: Redefining \ldots on input line 394.
LaTeX Info: Redefining \dots on input line 397.
LaTeX Info: Redefining \cdots on input line 518.
\Mathstrutbox@=\box26
\strutbox@=\box27
\big@size=\dimen109
LaTeX Font Info:    Redeclaring font encoding OML on input line 634.
LaTeX Font Info:    Redeclaring font encoding OMS on input line 635.
\macc@depth=\count94
\c@MaxMatrixCols=\count95
\dotsspace@=\muskip10
\c@parentequation=\count96
\dspbrk@lvl=\count97
\tag@help=\toks16
\row@=\count98
\column@=\count99
\maxfields@=\count100
\andhelp@=\toks17
\eqnshift@=\dimen110
\alignsep@=\dimen111
\tagshift@=\dimen112
\tagwidth@=\dimen113
\totwidth@=\dimen114
\lineht@=\dimen115
\@envbody=\toks18
\multlinegap=\skip53
\multlinetaggap=\skip54
\mathdisplay@stack=\toks19
LaTeX Info: Redefining \[ on input line 2739.
LaTeX Info: Redefining \] on input line 2740.
)
(/usr/local/texlive/2016/texmf-dist/tex/latex/amsfonts/amsfonts.sty
Package: amsfonts 2013/01/14 v3.01 Basic AMSFonts support
\symAMSa=\mathgroup4
\symAMSb=\mathgroup5
LaTeX Font Info:    Overwriting math alphabet `\mathfrak' in version `bold'
(Font)                  U/euf/m/n --> U/euf/b/n on input line 106.
)
(/usr/local/texlive/2016/texmf-dist/tex/latex/amsfonts/amssymb.sty
Package: amssymb 2013/01/14 v3.01 AMS font symbols
)
(/usr/local/texlive/2016/texmf-dist/tex/latex/amsmath/amscd.sty
Package: amscd 1999/11/29 v2.0 AMS Commutatitive Diagrams
\athelp@=\toks20
\minaw@=\dimen116
\bigaw@=\dimen117
\minCDarrowwidth=\dimen118
)
(/usr/local/texlive/2016/texmf-dist/tex/latex/amscls/amsthm.sty
Package: amsthm 2015/03/04 v2.20.2
\thm@style=\toks21
\thm@bodyfont=\toks22
\thm@headfont=\toks23
\thm@notefont=\toks24
\thm@headpunct=\toks25
\thm@preskip=\skip55
\thm@postskip=\skip56
\thm@headsep=\skip57
\dth@everypar=\toks26
)
(/usr/local/texlive/2016/texmf-dist/tex/latex/tools/xspace.sty
Package: xspace 2014/10/28 v1.13 Space after command names (DPC,MH)
)
\c@example=\count101
\c@theorem=\count102

(/usr/local/texlive/2016/texmf-dist/tex/latex/caption/caption.sty
Package: caption 2016/02/21 v3.3-144 Customizing captions (AR)

(/usr/local/texlive/2016/texmf-dist/tex/latex/caption/caption3.sty
Package: caption3 2016/02/04 v1.7-139 caption3 kernel (AR)
Package caption3 Info: TeX engine: e-TeX on input line 67.
\captionmargin=\dimen119
\captionmargin@=\dimen120
\captionwidth=\dimen121
\caption@tempdima=\dimen122
\caption@indent=\dimen123
\caption@parindent=\dimen124
\caption@hangindent=\dimen125
)
\c@ContinuedFloat=\count103
)
(/usr/local/texlive/2016/texmf-dist/tex/latex/oberdiek/epstopdf.sty
Package: epstopdf 2016/05/15 v2.6 Conversion with epstopdf on the fly (HO)

(/usr/local/texlive/2016/texmf-dist/tex/latex/oberdiek/epstopdf-base.sty
Package: epstopdf-base 2016/05/15 v2.6 Base part for package epstopdf

(/usr/local/texlive/2016/texmf-dist/tex/latex/oberdiek/grfext.sty
Package: grfext 2016/05/16 v1.2 Manage graphics extensions (HO)

(/usr/local/texlive/2016/texmf-dist/tex/generic/oberdiek/kvdefinekeys.sty
Package: kvdefinekeys 2016/05/16 v1.4 Define keys (HO)
))
(/usr/local/texlive/2016/texmf-dist/tex/latex/oberdiek/kvoptions.sty
Package: kvoptions 2016/05/16 v3.12 Key value format for package options (HO)

(/usr/local/texlive/2016/texmf-dist/tex/generic/oberdiek/kvsetkeys.sty
Package: kvsetkeys 2016/05/16 v1.17 Key value parser (HO)

(/usr/local/texlive/2016/texmf-dist/tex/generic/oberdiek/etexcmds.sty
Package: etexcmds 2016/05/16 v1.6 Avoid name clashes with e-TeX commands (HO)

(/usr/local/texlive/2016/texmf-dist/tex/generic/oberdiek/ifluatex.sty
Package: ifluatex 2016/05/16 v1.4 Provides the ifluatex switch (HO)
Package ifluatex Info: LuaTeX detected.
))))
(/usr/local/texlive/2016/texmf-dist/tex/generic/oberdiek/pdftexcmds.sty
Package: pdftexcmds 2016/05/10 v0.21 Utility functions of pdfTeX for LuaTeX (HO)


(/usr/local/texlive/2016/texmf-dist/tex/generic/oberdiek/ifpdf.sty
Package: ifpdf 2016/05/14 v3.1 Provides the ifpdf switch
)
Package pdftexcmds Info: \pdf@primitive is available.
Package pdftexcmds Info: \pdf@ifprimitive is available.
Package pdftexcmds Info: \pdfdraftmode not found.

(/usr/local/texlive/2016/texmf-dist/tex/generic/oberdiek/luatex-loader.sty
Package: luatex-loader 2016/05/16 v0.6 Lua module loader (HO)

(/usr/local/texlive/2016/texmf-dist/scripts/oberdiek/oberdiek.luatex.lua))
\pdftexcmds@toks=\toks27
)
Package epstopdf-base Info: Redefining graphics rule for `.eps' on input line 43
8.
Package grfext Info: Graphics extension search list:
(grfext)             [.png,.pdf,.jpg,.mps,.jpeg,.jbig2,.jb2,.PNG,.PDF,.JPG,.JPEG
,.JBIG2,.JB2,.eps]
(grfext)             \AppendGraphicsExtensions on input line 456.

(/usr/local/texlive/2016/texmf-dist/tex/latex/latexconfig/epstopdf-sys.cfg
File: epstopdf-sys.cfg 2010/07/13 v1.3 Configuration of (r)epstopdf for TeX Live

)))
(/usr/local/texlive/2016/texmf-dist/tex/latex/subfigure/subfigure.sty
Package: subfigure 2002/03/15 v2.1.5 subfigure package
\subfigtopskip=\skip58
\subfigcapskip=\skip59
\subfigcaptopadj=\dimen126
\subfigbottomskip=\skip60
\subfigcapmargin=\dimen127
\subfiglabelskip=\skip61
\c@subfigure=\count104
\c@lofdepth=\count105
\c@subtable=\count106
\c@lotdepth=\count107

****************************************
* Local config file subfigure.cfg used *
****************************************
(/usr/local/texlive/2016/texmf-dist/tex/latex/subfigure/subfigure.cfg)
\subfig@top=\skip62
\subfig@bottom=\skip63
)
(/usr/local/texlive/2016/texmf-dist/tex/latex/booktabs/booktabs.sty
Package: booktabs 2016/04/27 v1.618033 publication quality tables
\heavyrulewidth=\dimen128
\lightrulewidth=\dimen129
\cmidrulewidth=\dimen130
\belowrulesep=\dimen131
\belowbottomsep=\dimen132
\aboverulesep=\dimen133
\abovetopsep=\dimen134
\cmidrulesep=\dimen135
\cmidrulekern=\dimen136
\defaultaddspace=\dimen137
\@cmidla=\count108
\@cmidlb=\count109
\@aboverulesep=\dimen138
\@belowrulesep=\dimen139
\@thisruleclass=\count110
\@lastruleclass=\count111
\@thisrulewidth=\dimen140
)
(/usr/local/texlive/2016/texmf-dist/tex/latex/rotating/rotating.sty
Package: rotating 2009/03/28 v2.16a rotated objects in LaTeX

(/usr/local/texlive/2016/texmf-dist/tex/latex/base/ifthen.sty
Package: ifthen 2014/09/29 v1.1c Standard LaTeX ifthen package (DPC)
)
\c@r@tfl@t=\count112
\rotFPtop=\skip64
\rotFPbot=\skip65
\rot@float@box=\box28
\rot@mess@toks=\toks28
)
(/usr/local/texlive/2016/texmf-dist/tex/latex/listings/listings.sty
\lst@mode=\count113
\lst@gtempboxa=\box29
\lst@token=\toks29
\lst@length=\count114
\lst@currlwidth=\dimen141
\lst@column=\count115
\lst@pos=\count116
\lst@lostspace=\dimen142
\lst@width=\dimen143
\lst@newlines=\count117
\lst@lineno=\count118
\lst@maxwidth=\dimen144

(./lstpatch.sty)
(/usr/local/texlive/2016/texmf-dist/tex/latex/listings/lstmisc.sty
File: lstmisc.sty 2015/06/04 1.6 (Carsten Heinz)
\c@lstnumber=\count119
\lst@skipnumbers=\count120
\lst@framebox=\box30
)
(/usr/local/texlive/2016/texmf-dist/tex/latex/listings/listings.cfg
File: listings.cfg 2015/06/04 1.6 listings configuration
))
Package: listings 2015/06/04 1.6 (Carsten Heinz)

(./lstpatch.sty)
(/usr/local/texlive/2016/texmf-dist/tex/latex/hyperref/hyperref.sty
Package: hyperref 2016/05/05 v6.83n Hypertext links for LaTeX

(/usr/local/texlive/2016/texmf-dist/tex/generic/luatex85/luatex85.sty
Package: luatex85 2016/03/01 v1.0 pdftex aliases for luatex
)
(/usr/local/texlive/2016/texmf-dist/tex/generic/oberdiek/hobsub-hyperref.sty
Package: hobsub-hyperref 2016/05/16 v1.14 Bundle oberdiek, subset hyperref (HO)

(/usr/local/texlive/2016/texmf-dist/tex/generic/oberdiek/hobsub-generic.sty
Package: hobsub-generic 2016/05/16 v1.14 Bundle oberdiek, subset generic (HO)
Package: hobsub 2016/05/16 v1.14 Construct package bundles (HO)
Package hobsub Info: Skipping package `infwarerr' (already loaded).
Package hobsub Info: Skipping package `ltxcmds' (already loaded).
Package hobsub Info: Skipping package `ifluatex' (already loaded).
Package: ifvtex 2016/05/16 v1.6 Detect VTeX and its facilities (HO)
Package ifvtex Info: VTeX not detected.
Package: intcalc 2016/05/16 v1.2 Expandable calculations with integers (HO)
Package hobsub Info: Skipping package `ifpdf' (already loaded).
Package hobsub Info: Skipping package `etexcmds' (already loaded).
Package hobsub Info: Skipping package `kvsetkeys' (already loaded).
Package hobsub Info: Skipping package `kvdefinekeys' (already loaded).
Package hobsub Info: Skipping package `luatex-loader' (already loaded).
Package hobsub Info: Skipping package `pdftexcmds' (already loaded).
Package: pdfescape 2016/05/16 v1.14 Implements pdfTeX's escape features (HO)
Package: bigintcalc 2016/05/16 v1.4 Expandable calculations on big integers (HO)

Package: bitset 2016/05/16 v1.2 Handle bit-vector datatype (HO)
Package: uniquecounter 2016/05/16 v1.3 Provide unlimited unique counter (HO)
)
Package hobsub Info: Skipping package `hobsub' (already loaded).
Package: letltxmacro 2016/05/16 v1.5 Let assignment for LaTeX macros (HO)
Package: hopatch 2016/05/16 v1.3 Wrapper for package hooks (HO)
Package: xcolor-patch 2016/05/16 xcolor patch
Package: atveryend 2016/05/16 v1.9 Hooks at the very end of document (HO)
Package atveryend Info: \enddocument detected (standard20110627).
Package: atbegshi 2016/05/16 v1.17 At begin shipout hook (HO)
Package: refcount 2016/05/16 v3.5 Data extraction from label references (HO)
Package: hycolor 2016/05/16 v1.8 Color options for hyperref/bookmark (HO)
)
(/usr/local/texlive/2016/texmf-dist/tex/generic/ifxetex/ifxetex.sty
Package: ifxetex 2010/09/12 v0.6 Provides ifxetex conditional
)
(/usr/local/texlive/2016/texmf-dist/tex/latex/oberdiek/auxhook.sty
Package: auxhook 2016/05/16 v1.4 Hooks for auxiliary files (HO)
)
\@linkdim=\dimen145
\Hy@linkcounter=\count121
\Hy@pagecounter=\count122

(/usr/local/texlive/2016/texmf-dist/tex/latex/hyperref/pd1enc.def
File: pd1enc.def 2016/05/05 v6.83n Hyperref: PDFDocEncoding definition (HO)
)
\Hy@SavedSpaceFactor=\count123

(/usr/local/texlive/2016/texmf-dist/tex/latex/latexconfig/hyperref.cfg
File: hyperref.cfg 2002/06/06 v1.2 hyperref configuration of TeXLive
)
Package hyperref Info: Option `bookmarks' set `true' on input line 4322.
Package hyperref Info: Option `bookmarksopen' set `true' on input line 4322.
Package hyperref Info: Option `bookmarksnumbered' set `true' on input line 4322.

Package hyperref Info: Option `hypertexnames' set `false' on input line 4322.
Package hyperref Info: Option `colorlinks' set `true' on input line 4322.
Package hyperref Info: Option `unicode' set `true' on input line 4322.

(/usr/local/texlive/2016/texmf-dist/tex/latex/hyperref/puenc.def
File: puenc.def 2016/05/05 v6.83n Hyperref: PDF Unicode definition (HO)
)
Package hyperref Info: Option `breaklinks' set `true' on input line 4322.
Package hyperref Info: Hyper figures OFF on input line 4446.
Package hyperref Info: Link nesting OFF on input line 4451.
Package hyperref Info: Hyper index ON on input line 4454.
Package hyperref Info: Plain pages OFF on input line 4461.
Package hyperref Info: Backreferencing OFF on input line 4466.
Package hyperref Info: Implicit mode ON; LaTeX internals redefined.
Package hyperref Info: Bookmarks ON on input line 4691.
\c@Hy@tempcnt=\count124

(/usr/local/texlive/2016/texmf-dist/tex/latex/url/url.sty
\Urlmuskip=\muskip11
Package: url 2013/09/16  ver 3.4  Verb mode for urls, etc.
)
LaTeX Info: Redefining \url on input line 5044.
\XeTeXLinkMargin=\dimen146
\Fld@menulength=\count125
\Field@Width=\dimen147
\Fld@charsize=\dimen148
Package hyperref Info: Hyper figures OFF on input line 6298.
Package hyperref Info: Link nesting OFF on input line 6303.
Package hyperref Info: Hyper index ON on input line 6306.
Package hyperref Info: backreferencing OFF on input line 6313.
Package hyperref Info: Link coloring ON on input line 6316.
Package hyperref Info: Link coloring with OCG OFF on input line 6323.
Package hyperref Info: PDF/A mode OFF on input line 6328.
LaTeX Info: Redefining \ref on input line 6368.
LaTeX Info: Redefining \pageref on input line 6372.
\Hy@abspage=\count126
\c@Item=\count127
\c@Hfootnote=\count128
)

Package hyperref Message: Driver (autodetected): hpdftex.

(/usr/local/texlive/2016/texmf-dist/tex/latex/hyperref/hpdftex.def
File: hpdftex.def 2016/05/05 v6.83n Hyperref driver for pdfTeX
\Fld@listcount=\count129
\c@bookmark@seq@number=\count130

(/usr/local/texlive/2016/texmf-dist/tex/latex/oberdiek/rerunfilecheck.sty
Package: rerunfilecheck 2016/05/16 v1.8 Rerun checks for auxiliary files (HO)
Package uniquecounter Info: New unique counter `rerunfilecheck' on input line 28
2.
)
\Hy@SectionHShift=\skip66
)
\c@dummy=\count131

(/usr/local/texlive/2016/texmf-dist/tex/latex/tools/longtable.sty
Package: longtable 2014/10/28 v4.11 Multi-page Table package (DPC)
\LTleft=\skip67
\LTright=\skip68
\LTpre=\skip69
\LTpost=\skip70
\LTchunksize=\count132
\LTcapwidth=\dimen149
\LT@head=\box31
\LT@firsthead=\box32
\LT@foot=\box33
\LT@lastfoot=\box34
\LT@cols=\count133
\LT@rows=\count134
\c@LT@tables=\count135
\c@LT@chunks=\count136
\LT@p@ftn=\toks30
))
(/usr/local/texlive/2016/texmf-dist/tex/latex/natbib/natbib.sty
Package: natbib 2010/09/13 8.31b (PWD, AO)
\bibhang=\skip71
\bibsep=\skip72
LaTeX Info: Redefining \cite on input line 694.
\c@NAT@ctr=\count137
)
(/usr/local/texlive/2016/texmf-dist/tex/latex/base/inputenc.sty
Package: inputenc 2015/03/17 v1.2c Input encoding file
\inpenc@prehook=\toks31
\inpenc@posthook=\toks32


Package inputenc Warning: inputenc package ignored with utf8 based engines.

) (/usr/local/texlive/2016/texmf-dist/tex/latex/tools/verbatim.sty
Package: verbatim 2014/10/28 v1.5q LaTeX2e package for verbatim enhancements
\every@verbatim=\toks33
\verbatim@line=\toks34
\verbatim@in@stream=\read1
)
(./vector.sty)
(/usr/local/texlive/2016/texmf-dist/tex/latex/tools/afterpage.sty
Package: afterpage 2014/10/28 v1.08 After-Page Package (DPC)
\AP@output=\toks35
\AP@partial=\box35
\AP@footins=\box36
)
(/usr/local/texlive/2016/texmf-dist/tex/latex/changepage/changepage.sty
Package: changepage 2009/10/20 v1.0c check page and change page layout
\c@cp@cntr=\count138
\cp@tempcnt=\count139
)
(/usr/local/texlive/2016/texmf-dist/tex/latex/caption/newfloat.sty
Package: newfloat 2015/09/17 v1.1-109 Defining new floating environments (AR)
)
Package newfloat Info: New float `code' with options `' on input line 21.
\c@code=\count140
\newfloat@ftype=\count141
Package newfloat Info: float type `code'=8 on input line 21.
\c@locodedepth=\count142
Package hyperref Info: Option `colorlinks' set `true' on input line 23.
Package hyperref Info: Option `colorlinks' set `true' on input line 33.

(./Thesis.aux

LaTeX Warning: Label `fig:stage' multiply defined.


LaTeX Warning: Label `sub@fig:stage' multiply defined.


LaTeX Warning: Label `fig:respevt' multiply defined.


LaTeX Warning: Label `sub@fig:respevt' multiply defined.

)
\openout1 = Thesis.aux

LaTeX Font Info:    Checking defaults for OML/cmm/m/it on input line 36.
LaTeX Font Info:    ... okay on input line 36.
LaTeX Font Info:    Checking defaults for T1/cmr/m/n on input line 36.
LaTeX Font Info:    ... okay on input line 36.
LaTeX Font Info:    Checking defaults for OT1/cmr/m/n on input line 36.
LaTeX Font Info:    ... okay on input line 36.
LaTeX Font Info:    Checking defaults for OMS/cmsy/m/n on input line 36.
LaTeX Font Info:    ... okay on input line 36.
LaTeX Font Info:    Checking defaults for OMX/cmex/m/n on input line 36.
LaTeX Font Info:    ... okay on input line 36.
LaTeX Font Info:    Checking defaults for U/cmr/m/n on input line 36.
LaTeX Font Info:    ... okay on input line 36.
LaTeX Font Info:    Checking defaults for PD1/pdf/m/n on input line 36.
LaTeX Font Info:    ... okay on input line 36.
LaTeX Font Info:    Checking defaults for PU/pdf/m/n on input line 36.
LaTeX Font Info:    ... okay on input line 36.
 (/usr/local/texlive/2016/texmf-dist/tex/context/base/mkii/supp-pdf.mkii
[Loading MPS to PDF converter (version 2006.09.02).]
\scratchcounter=\count143
\scratchdimen=\dimen150
\scratchbox=\box37
\nofMPsegments=\count144
\nofMParguments=\count145
\everyMPshowfont=\toks36
\MPscratchCnt=\count146
\MPscratchDim=\dimen151
\MPnumerator=\count147
\makeMPintoPDFobject=\count148
\everyMPtoPDFconversion=\toks37
)
Package caption Info: Begin \AtBeginDocument code.
Package caption Info: hyperref package is loaded.
Package caption Info: listings package is loaded.
Package caption Info: longtable package is loaded.
 (/usr/local/texlive/2016/texmf-dist/tex/latex/caption/ltcaption.sty
Package: ltcaption 2013/06/09 v1.4-94 longtable captions (AR)
)
Package caption Info: rotating package is loaded.
Package caption Info: subfigure package is loaded.
Package caption Info: End \AtBeginDocument code.
\c@lstlisting=\count149
\AtBeginShipoutBox=\box38

(/usr/local/texlive/2016/texmf-dist/tex/latex/graphics/color.sty
Package: color 2016/05/09 v1.1c Standard LaTeX Color (DPC)

(/usr/local/texlive/2016/texmf-dist/tex/latex/graphics-cfg/color.cfg
File: color.cfg 2016/01/02 v1.6 sample color configuration
)
Package color Info: Driver file: luatex.def on input line 144.
)
Package hyperref Info: Link coloring ON on input line 36.

(/usr/local/texlive/2016/texmf-dist/tex/latex/hyperref/nameref.sty
Package: nameref 2012/10/27 v2.43 Cross-referencing by name of section

(/usr/local/texlive/2016/texmf-dist/tex/generic/oberdiek/gettitlestring.sty
Package: gettitlestring 2016/05/16 v1.5 Cleanup title references (HO)
)
\c@section@level=\count150
)
LaTeX Info: Redefining \ref on input line 36.
LaTeX Info: Redefining \pageref on input line 36.
LaTeX Info: Redefining \nameref on input line 36.

(./Thesis.out) (./Thesis.out)
\@outlinefile=\write3

\openout3 = Thesis.out

------------------------------------------------------------------------------
 Title Page
------------------------------------------------------------------------------

warning  (file my_image.pdf) (pdf inclusion): PDF inclusion: found PDF version '
1.6', but at most version '1.5' allowed
<my_image.pdf, id=233, 639.66579pt x 887.2046pt>
File: my_image.pdf Graphic file (type pdf)
 <use my_image.pdf>
Package luatex.def Info: my_image.pdf used on input line 50.
(luatex.def)             Requested size: 639.66422pt x 887.20244pt.
 [1



<./my_image.pdf>] [2

]
------------------------------------------------------------------------------
 Abstract Page
------------------------------------------------------------------------------
[3{/usr/local/texlive/2016/texmf-var/fonts/map/pdftex/updmap/pdftex.map}]
[3

]
------------------------------------------------------------------------------
 Acknowledgements
------------------------------------------------------------------------------
[4

] [4]
------------------------------------------------------------------------------
 Table of Contents
------------------------------------------------------------------------------
(./Thesis.toc
LaTeX Font Info:    Try loading font information for U+msa on input line 9.
 (/usr/local/texlive/2016/texmf-dist/tex/latex/amsfonts/umsa.fd
File: umsa.fd 2013/01/14 v3.01 AMS symbols A
)
LaTeX Font Info:    Try loading font information for U+msb on input line 9.

(/usr/local/texlive/2016/texmf-dist/tex/latex/amsfonts/umsb.fd
File: umsb.fd 2013/01/14 v3.01 AMS symbols B
) [5

])
\tf@toc=\write4

\openout4 = Thesis.toc
 [6]
------------------------------------------------------------------------------
 List of Figures
------------------------------------------------------------------------------
[6


] (./Thesis.lof)
\tf@lof=\write5

\openout5 = Thesis.lof
 [7] [8

]
------------------------------------------------------------------------------
 List of Tables
------------------------------------------------------------------------------
(./Thesis.lot)
\tf@lot=\write6

\openout6 = Thesis.lot
 [9

] [10

]
------------------------------------------------------------------------------
 List of Figures
------------------------------------------------------------------------------
(./Thesis.locode)
\tf@locode=\write7

\openout7 = Thesis.locode
 [11

] [12

] (./Chapters/Chapter1.tex
Chapter 1.
------------------------------------------------------------------------------
 1 Introduction
------------------------------------------------------------------------------
) (./Chapters/Chapter2.tex [1


] [2

]
Chapter 2.
------------------------------------------------------------------------------
 2 Sleep Apnea
------------------------------------------------------------------------------
[3]
LaTeX Font Info:    Try loading font information for OMS+cmr on input line 10.
 (/usr/local/texlive/2016/texmf-dist/tex/latex/base/omscmr.fd
File: omscmr.fd 2014/09/29 v2.5h Standard LaTeX font definitions
)
LaTeX Font Info:    Font shape `OMS/cmr/m/n' in size <10.95> not available
(Font)              Font shape `OMS/cmsy/m/n' tried instead on input line 10.

Underfull \hbox (badness 10000) in paragraph at lines 18--25

 []


Underfull \hbox (badness 10000) in paragraph at lines 18--25

 []


Underfull \hbox (badness 10000) in paragraph at lines 18--25

 []


Underfull \hbox (badness 10000) in paragraph at lines 18--25

 []


Underfull \hbox (badness 10000) in paragraph at lines 18--25

 []

[4] [5] [6]
<Figures/ObstructionVentilationApnea.png, id=543, 803.0pt x 223.83624pt>
File: Figures/ObstructionVentilationApnea.png Graphic file (type png)

<use Figures/ObstructionVentilationApnea.png>
Package luatex.def Info: Figures/ObstructionVentilationApnea.png used on input l
ine 35.
(luatex.def)             Requested size: 417.47307pt x 116.3716pt.

Underfull \hbox (badness 10000) in paragraph at lines 39--46

 []


Underfull \hbox (badness 10000) in paragraph at lines 39--46

 []


Underfull \hbox (badness 10000) in paragraph at lines 39--46

 []


Underfull \hbox (badness 10000) in paragraph at lines 39--46

 []


Underfull \hbox (badness 10000) in paragraph at lines 39--46

 []

[7<./Figures/ObstructionVentilationApnea.png>]
Underfull \hbox (badness 10000) in paragraph at lines 47--57

 []


Underfull \hbox (badness 10000) in paragraph at lines 47--57

 []


Underfull \hbox (badness 10000) in paragraph at lines 47--57

 []


Underfull \hbox (badness 10000) in paragraph at lines 47--57

 []

[8]
Underfull \hbox (badness 10000) in paragraph at lines 58--64

 []


Underfull \hbox (badness 10000) in paragraph at lines 58--64

 []

[9] [10] <Figures/humanbody.jpg, id=578, 620.3175pt x 516.93124pt>
File: Figures/humanbody.jpg Graphic file (type jpg)

<use Figures/humanbody.jpg>
Package luatex.def Info: Figures/humanbody.jpg used on input line 72.
(luatex.def)             Requested size: 417.47307pt x 347.89601pt.
 [11<./Figures/humanbody.jpg>]
Underfull \hbox (badness 10000) in paragraph at lines 84--85

 []


Underfull \hbox (badness 10000) in paragraph at lines 86--93

 []


Underfull \hbox (badness 10000) in paragraph at lines 86--93

 []


Underfull \hbox (badness 10000) in paragraph at lines 86--93

 []


Underfull \hbox (badness 10000) in paragraph at lines 86--93

 []


Underfull \hbox (badness 10000) in paragraph at lines 86--93

 []


Underfull \hbox (badness 10000) in paragraph at lines 86--93

 []


Underfull \hbox (badness 10000) in paragraph at lines 86--93

 []

[12] [13]) (./Chapters/Chapter3.tex [14]
Chapter 3.
------------------------------------------------------------------------------
 3 Data sources and data formats
------------------------------------------------------------------------------
[15

] [16] <Figures/BITalino_board.png, id=642, 711.65875pt x 421.575pt>
File: Figures/BITalino_board.png Graphic file (type png)

<use Figures/BITalino_board.png>
Package luatex.def Info: Figures/BITalino_board.png used on input line 14.
(luatex.def)             Requested size: 417.47307pt x 247.29903pt.

<Figures/BITalino_plugged.png, id=646, 704.6325pt x 456.70625pt>
File: Figures/BITalino_plugged.png Graphic file (type png)

<use Figures/BITalino_plugged.png>
Package luatex.def Info: Figures/BITalino_plugged.png used on input line 21.
(luatex.def)             Requested size: 417.47307pt x 270.58328pt.

<Figures/BITalino_Freestyle.png, id=650, 701.62125pt x 464.73625pt>
File: Figures/BITalino_Freestyle.png Graphic file (type png)

<use Figures/BITalino_Freestyle.png>
Package luatex.def Info: Figures/BITalino_Freestyle.png used on input line 28.
(luatex.def)             Requested size: 417.47307pt x 276.53214pt.

Underfull \hbox (badness 10000) in paragraph at lines 11--33

 []


LaTeX Warning: `h' float specifier changed to `ht'.


LaTeX Warning: `h' float specifier changed to `ht'.

[17] [18<./Figures/BITalino_board.png><./Figures/BITalino_plugged.png>]
[19<./Figures/BITalino_Freestyle.png>] [20]
Overfull \hbox (7.09846pt too wide) in paragraph at lines 46--56
\OT1/cmr/bx/n/10.95 The SHHS polysomnog-ra-phy database:  \OT1/cmr/m/n/10.95 Th
e Sleep Heart Health Study polysomnog-
 []

[21] [22] [23]
Underfull \hbox (badness 10000) in paragraph at lines 57--58

 []

<Figures/VUH_ANN.png, id=728, 281.05pt x 282.05376pt>
File: Figures/VUH_ANN.png Graphic file (type png)

<use Figures/VUH_ANN.png>
Package luatex.def Info: Figures/VUH_ANN.png used on input line 66.
(luatex.def)             Requested size: 142.26378pt x 142.76955pt.

<Figures/VUH_ANN_respevt.png, id=730, 513.92pt x 262.9825pt>
File: Figures/VUH_ANN_respevt.png Graphic file (type png)

<use Figures/VUH_ANN_respevt.png>
Package luatex.def Info: Figures/VUH_ANN_respevt.png used on input line 67.
(luatex.def)             Requested size: 256.0748pt x 131.03748pt.
 [24]
<Figures/EDFFILE.png, id=744, 726.715pt x 516.93124pt>
File: Figures/EDFFILE.png Graphic file (type png)

<use Figures/EDFFILE.png>
Package luatex.def Info: Figures/EDFFILE.png used on input line 78.
(luatex.def)             Requested size: 417.47307pt x 296.96497pt.

<Figures/Scoringsample.png, id=748, 670.505pt x 359.3425pt>
File: Figures/Scoringsample.png Graphic file (type png)

<use Figures/Scoringsample.png>
Package luatex.def Info: Figures/Scoringsample.png used on input line 89.
(luatex.def)             Requested size: 417.47307pt x 223.73314pt.
 [25<./Figures/VUH_ANN.png><./Figures/VUH_ANN_respevt.png>] [26<./Figures/EDFFIL
E.png>] [27]
Underfull \hbox (badness 10000) in paragraph at lines 96--98

 []

[28<./Figures/Scoringsample.png>]
<Figures/provider_SW.png, id=786, 572.1375pt x 417.56pt>
File: Figures/provider_SW.png Graphic file (type png)

<use Figures/provider_SW.png>
Package luatex.def Info: Figures/provider_SW.png used on input line 102.
(luatex.def)             Requested size: 208.73653pt x 152.34122pt.

<Figures/JSONmeta.png, id=789, 450.68375pt x 517.935pt>
File: Figures/JSONmeta.png Graphic file (type png)

<use Figures/JSONmeta.png>
Package luatex.def Info: Figures/JSONmeta.png used on input line 109.
(luatex.def)             Requested size: 199.16928pt x 228.88788pt.

<Figures/JSONdata.png, id=790, 437.635pt x 392.46625pt>
File: Figures/JSONdata.png Graphic file (type png)

<use Figures/JSONdata.png>
Package luatex.def Info: Figures/JSONdata.png used on input line 110.
(luatex.def)             Requested size: 213.39566pt x 191.36993pt.

<Figures/metadata.png, id=793, 377.41pt x 500.87125pt>
File: Figures/metadata.png Graphic file (type png)

<use Figures/metadata.png>
Package luatex.def Info: Figures/metadata.png used on input line 117.
(luatex.def)             Requested size: 208.73653pt x 277.0162pt.
 [29
Missing character: There is no ø (U+00F8) in font cmr10!
Missing character: There is no ø (U+00F8) in font cmr10!
Missing character: There is no ø (U+00F8) in font cmr10!
] [30<./Figures/provider_SW.png><./Figures/JSONmeta.png><./Figures/JSONdata.png>
]

LaTeX Warning: `h' float specifier changed to `ht'.

<Figures/metadata2.png, id=810, 382.42876pt x 830.10126pt>
File: Figures/metadata2.png Graphic file (type png)

<use Figures/metadata2.png>
Package luatex.def Info: Figures/metadata2.png used on input line 127.
(luatex.def)             Requested size: 208.73653pt x 453.08655pt.
) [31
Missing character: There is no ø (U+00F8) in font cmr10!
]

LaTeX Warning: `h' float specifier changed to `ht'.

(./Chapters/Chapter4.tex [32<./Figures/metadata.png>] [33<./Figures/metadata2.pn
g>] [34

]
Chapter 4.
------------------------------------------------------------------------------
 4 Database modeling
------------------------------------------------------------------------------
[35
Missing character: There is no ’ (U+2019) in font cmr10!
]
Underfull \hbox (badness 1817) in paragraph at lines 26--26
[]\OT1/cmr/m/n/10.95 Record-ing de-scrip-
 []


Underfull \hbox (badness 10000) in paragraph at lines 30--30
[]\OT1/cmr/m/n/10.95 In-for-ma-tion of
 []


Underfull \hbox (badness 10000) in paragraph at lines 36--36
[]\OT1/cmr/m/n/10.95 Num-ber of used
 []


Underfull \hbox (badness 1360) in paragraph at lines 38--38
[]\OT1/cmr/m/n/10.95 Can de-rived from BITal-ino
 []


Underfull \hbox (badness 1360) in paragraph at lines 40--40
[]\OT1/cmr/m/n/10.95 Can de-rived from BITal-ino
 []


Underfull \hbox (badness 1360) in paragraph at lines 42--42
[]\OT1/cmr/m/n/10.95 Can de-rived from BITal-ino
 []


Underfull \hbox (badness 4582) in paragraph at lines 52--52
[]\OT1/cmr/m/n/10.95 Other in-for-ma-tion
 []


Underfull \hbox (badness 5403) in paragraph at lines 54--54
[]\OT1/cmr/m/n/10.95 Times-tamp for a
 []

[36] [37] [38] <Figures/ARecord.png, id=861, 1119.18124pt x 349.305pt>
File: Figures/ARecord.png Graphic file (type png)

<use Figures/ARecord.png>
Package luatex.def Info: Figures/ARecord.png used on input line 131.
(luatex.def)             Requested size: 417.47307pt x 130.29614pt.
 [39
Missing character: There is no “ (U+201C) in font cmr10!
Missing character: There is no ” (U+201D) in font cmr10!
] [40
Missing character: There is no “ (U+201C) in font cmr10!
Missing character: There is no ” (U+201D) in font cmr10!
Missing character: There is no ’ (U+2019) in font cmr10!
] [41
Missing character: There is no “ (U+201C) in font cmr10!
Missing character: There is no ” (U+201D) in font cmr10!
Missing character: There is no • (U+2022) in font cmr10!
Missing character: There is no • (U+2022) in font cmr10!
Missing character: There is no • (U+2022) in font cmr10!
Missing character: There is no • (U+2022) in font cmr10!
Missing character: There is no • (U+2022) in font cmr10!
Missing character: There is no • (U+2022) in font cmr10!
Missing character: There is no • (U+2022) in font cmr10!
Missing character: There is no • (U+2022) in font cmr10!
<./Figures/ARecord.png>]
<Figures/ConceptDB1.png, id=888, 901.3675pt x 381.425pt>
File: Figures/ConceptDB1.png Graphic file (type png)

<use Figures/ConceptDB1.png>
Package luatex.def Info: Figures/ConceptDB1.png used on input line 157.
(luatex.def)             Requested size: 417.47307pt x 176.66237pt.

<Figures/ConceptDB2.png, id=889, 897.3525pt x 385.44pt>
File: Figures/ConceptDB2.png Graphic file (type png)

<use Figures/ConceptDB2.png>
Package luatex.def Info: Figures/ConceptDB2.png used on input line 163.
(luatex.def)             Requested size: 417.47307pt x 179.31596pt.
 [42
Missing character: There is no • (U+2022) in font cmr10!
Missing character: There is no • (U+2022) in font cmr10!
Missing character: There is no “ (U+201C) in font cmr10!
Missing character: There is no ” (U+201D) in font cmr10!
<./Figures/ConceptDB1.png>] [43
Missing character: There is no • (U+2022) in font cmr10!
Missing character: There is no • (U+2022) in font cmr10!
Missing character: There is no • (U+2022) in font cmr10!
<./Figures/ConceptDB2.png>] <Figures/RelationshipBinary.png, id=905, 970.62625p
t x 776.9025pt>
File: Figures/RelationshipBinary.png Graphic file (type png)

<use Figures/RelationshipBinary.png>
Package luatex.def Info: Figures/RelationshipBinary.png used on input line 184.
(luatex.def)             Requested size: 417.47307pt x 334.15639pt.

<Figures/NaryAndRecursive.png, id=906, 722.7pt x 809.0225pt>
File: Figures/NaryAndRecursive.png Graphic file (type png)

<use Figures/NaryAndRecursive.png>
Package luatex.def Info: Figures/NaryAndRecursive.png used on input line 190.
(luatex.def)             Requested size: 417.47307pt x 467.34465pt.

Underfull \hbox (badness 1675) in paragraph at lines 203--203
\OT1/cmr/m/n/10.95 name (B), chan-nel num-ber
 []


Underfull \hbox (badness 4429) in paragraph at lines 203--203
\OT1/cmr/m/n/10.95 i-cal min-i-mum (H), dig-i-tal
 []


Underfull \hbox (badness 1331) in paragraph at lines 203--203
\OT1/cmr/m/n/10.95 max-i-mum (I), dig-i-tal min-i-
 []


Underfull \hbox (badness 10000) in paragraph at lines 205--205
[]\OT1/cmr/m/n/10.95 Record-
 []


Underfull \hbox (badness 10000) in paragraph at lines 205--205
[]\OT1/cmr/m/n/10.95 record-ing id (A), source
 []


Underfull \hbox (badness 1342) in paragraph at lines 205--205
\OT1/cmr/m/n/10.95 ber (C), id per-son col-lects
 []


Underfull \hbox (badness 10000) in paragraph at lines 205--205
\OT1/cmr/m/n/10.95 record-ing (D), id per-son
 []


Underfull \hbox (badness 10000) in paragraph at lines 205--205
\OT1/cmr/m/n/10.95 times-tamp (F), record-ing
 []


Underfull \hbox (badness 10000) in paragraph at lines 205--205
\OT1/cmr/m/n/10.95 de-scrip-tion (G), record-ing
 []


Underfull \hbox (badness 3428) in paragraph at lines 205--205
\OT1/cmr/m/n/10.95 ing frag-ment du-ra-tion (I),
 []


Underfull \hbox (badness 8075) in paragraph at lines 205--205
\OT1/cmr/m/n/10.95 fre-quency (J), pre-filtering
 []


Underfull \hbox (badness 10000) in paragraph at lines 205--205
\OT1/cmr/m/n/10.95 (K), frag-ment times-tamp
 []


Underfull \hbox (badness 3612) in paragraph at lines 205--205
\OT1/cmr/m/n/10.95 used equip-ment (P), EDF
 []


Underfull \hbox (badness 2913) in paragraph at lines 207--207
[]\OT1/cmr/m/n/10.95 per-son id (A), name (B),
 []


Underfull \hbox (badness 10000) in paragraph at lines 207--207
\OT1/cmr/m/n/10.95 weight(J), BMI(K), clinic
 []


Underfull \hbox (badness 5771) in paragraph at lines 207--207
\OT1/cmr/m/n/10.95 physi-cian(M), other health
 []

[44
Missing character: There is no • (U+2022) in font cmr10!
Missing character: There is no • (U+2022) in font cmr10!
Missing character: There is no • (U+2022) in font cmr10!
Missing character: There is no • (U+2022) in font cmr10!
Missing character: There is no • (U+2022) in font cmr10!
Missing character: There is no ’ (U+2019) in font cmr10!
<./Figures/RelationshipBinary.png>] [45
Missing character: There is no “ (U+201C) in font cmr10!
Missing character: There is no ” (U+201D) in font cmr10!
Missing character: There is no “ (U+201C) in font cmr10!
Missing character: There is no ” (U+201D) in font cmr10!
Missing character: There is no “ (U+201C) in font cmr10!
Missing character: There is no ” (U+201D) in font cmr10!
Missing character: There is no “ (U+201C) in font cmr10!
Missing character: There is no ” (U+201D) in font cmr10!
Missing character: There is no “ (U+201C) in font cmr10!
<./Figures/NaryAndRecursive.png>]
[46
Missing character: There is no ” (U+201D) in font cmr10!
Missing character: There is no “ (U+201C) in font cmr10!
Missing character: There is no ” (U+201D) in font cmr10!
] [47]
Underfull \hbox (badness 10000) in paragraph at lines 273--273
[]\OT1/cmr/m/n/10.95 Sec-ond nor-mal
 []


Underfull \hbox (badness 10000) in paragraph at lines 279--279
[]\OT1/cmr/m/n/10.95 Third nor-mal
 []


Underfull \hbox (badness 1275) in paragraph at lines 284--284
[]\OT1/cmr/m/n/10.95 Boyce-Codd nor-
 []

[48] <Figures/LogicalModelDB1.png, id=948, 785.93625pt x 939.51pt>
File: Figures/LogicalModelDB1.png Graphic file (type png)

<use Figures/LogicalModelDB1.png>
Package luatex.def Info: Figures/LogicalModelDB1.png used on input line 332.
(luatex.def)             Requested size: 417.47307pt x 499.05612pt.

<Figures/LogicalModelDB2.png, id=949, 546.04pt x 622.325pt>
File: Figures/LogicalModelDB2.png Graphic file (type png)

<use Figures/LogicalModelDB2.png>
Package luatex.def Info: Figures/LogicalModelDB2.png used on input line 338.
(luatex.def)             Requested size: 417.47307pt x 475.80168pt.
 [49] [50] [51] [52] [53
Missing character: There is no • (U+2022) in font cmr10!
Missing character: There is no • (U+2022) in font cmr10!
Missing character: There is no • (U+2022) in font cmr10!
Missing character: There is no • (U+2022) in font cmr10!
<./Figures/LogicalModelDB1.png>]
Underfull \hbox (badness 1043) in paragraph at lines 367--368
[]\OT1/cmr/m/n/10.95 per-son id can con-tains al-pha-betic
 []


Underfull \hbox (badness 1354) in paragraph at lines 466--467
[]\OT1/cmr/m/n/10.95 Unix time when the record-ing is
 []


Underfull \hbox (badness 10000) in paragraph at lines 468--468
[]\OT1/cmr/m/n/10.95 record-
 []


Overfull \hbox (18.7693pt too wide) in paragraph at lines 472--472
[]\OT1/cmr/m/n/10.95 EDF[]reverved[]for[]recording| 
 []


Underfull \hbox (badness 10000) in paragraph at lines 488--488
[]\OT1/cmr/m/n/10.95 record-
 []


Underfull \hbox (badness 10000) in paragraph at lines 489--489
[]\OT1/cmr/m/n/10.95 record-
 []


Overfull \hbox (1.83939pt too wide) in paragraph at lines 489--489
\OT1/cmr/m/n/10.95 ing[]fragment[]timestamp| 
 []


Underfull \hbox (badness 10000) in paragraph at lines 506--506
[]\OT1/cmr/m/n/10.95 record-
 []


Underfull \hbox (badness 10000) in paragraph at lines 508--508
[]\OT1/cmr/m/n/10.95 sam-
 []

Package hyperref Info: bookmark level for unknown code defaults to 0 on input li
ne 560.
<Figures/FinalTable.png, id=986, 793.96625pt x 988.69376pt>
File: Figures/FinalTable.png Graphic file (type png)

<use Figures/FinalTable.png>
Package luatex.def Info: Figures/FinalTable.png used on input line 566.
(luatex.def)             Requested size: 417.47307pt x 519.87158pt.
 [54
Missing character: There is no • (U+2022) in font cmr10!
Missing character: There is no “ (U+201C) in font cmr10!
Missing character: There is no ” (U+201D) in font cmr10!
Missing character: There is no “ (U+201C) in font cmr10!
Missing character: There is no ” (U+201D) in font cmr10!
<./Figures/LogicalModelDB2.png>])
(./Chapters/Chapter5.tex [55] [56] [57] [58] [59<./Figures/FinalTable.png>]
[60

]
Chapter 5.
------------------------------------------------------------------------------
 5 Implementation
------------------------------------------------------------------------------
[61]
Underfull \hbox (badness 3701) in paragraph at lines 10--10
[]\OT1/cmr/m/n/10.95 User re-quire-
 []


Underfull \hbox (badness 4467) in paragraph at lines 10--10
\OT1/cmr/m/n/10.95 ments def-i-ni-
 []


Underfull \hbox (badness 10000) in paragraph at lines 10--10
[]\OT1/cmr/m/n/10.95 Sys-tem non-
 []


Underfull \hbox (badness 2922) in paragraph at lines 10--10
\OT1/cmr/m/n/10.95 functional re-quire-
 []


Underfull \hbox (badness 10000) in paragraph at lines 12--12
[]\OT1/cmr/m/n/10.95 The ap-pli-
 []


Underfull \hbox (badness 10000) in paragraph at lines 12--12
\OT1/cmr/m/n/10.95 ca-tion must
 []


Underfull \hbox (badness 10000) in paragraph at lines 12--12
\OT1/cmr/m/n/10.95 ac-qui-si-tion
 []


Underfull \hbox (badness 10000) in paragraph at lines 12--12
\OT1/cmr/m/n/10.95 data from
 []


Underfull \hbox (badness 10000) in paragraph at lines 17--19
\OT1/cmr/m/n/10.95 ity, per-for-mance,
 []


Underfull \hbox (badness 10000) in paragraph at lines 17--19
\OT1/cmr/m/n/10.95 - Or-ga-ni-za-tion:
 []


Underfull \hbox (badness 5260) in paragraph at lines 17--19
\OT1/cmr/m/n/10.95 An-droid op-er-a-tive
 []


Underfull \hbox (badness 1655) in paragraph at lines 17--19
\OT1/cmr/m/n/10.95 - Ex-ter-nal: must
 []


Underfull \hbox (badness 1997) in paragraph at lines 17--19
\OT1/cmr/m/n/10.95 fol-low the pro-tec-
 []


Underfull \hbox (badness 10000) in paragraph at lines 17--19
\OT1/cmr/m/n/10.95 tion of per-sonal
 []


Underfull \hbox (badness 10000) in paragraph at lines 25--25
[]\OT1/cmr/m/n/10.95 The ap-pli-
 []


Underfull \hbox (badness 10000) in paragraph at lines 25--25
\OT1/cmr/m/n/10.95 ca-tion must
 []


Underfull \hbox (badness 10000) in paragraph at lines 25--25
\OT1/cmr/m/n/10.95 sup-port im-
 []


Underfull \hbox (badness 10000) in paragraph at lines 25--25
\OT1/cmr/m/n/10.95 port-ing and
 []


Underfull \hbox (badness 10000) in paragraph at lines 25--25
\OT1/cmr/m/n/10.95 ex-port-ing
 []


Underfull \hbox (badness 10000) in paragraph at lines 30--32
\OT1/cmr/m/n/10.95 ity, per-for-mance,
 []


Underfull \hbox (badness 10000) in paragraph at lines 30--32
\OT1/cmr/m/n/10.95 - Or-ga-ni-za-tion:
 []


Underfull \hbox (badness 5260) in paragraph at lines 30--32
\OT1/cmr/m/n/10.95 An-droid op-er-a-tive
 []


Underfull \hbox (badness 1655) in paragraph at lines 30--32
\OT1/cmr/m/n/10.95 - Ex-ter-nal: must
 []


Underfull \hbox (badness 1997) in paragraph at lines 30--32
\OT1/cmr/m/n/10.95 fol-low the pro-tec-
 []


Underfull \hbox (badness 10000) in paragraph at lines 30--32
\OT1/cmr/m/n/10.95 tion of per-sonal
 []


Underfull \hbox (badness 1082) in paragraph at lines 33--37
\OT1/cmr/m/n/10.95 - Out-put: store/-ex-port
 []


Underfull \hbox (badness 3449) in paragraph at lines 33--37
\OT1/cmr/m/n/10.95 EDF header and data
 []


Underfull \hbox (badness 5771) in paragraph at lines 38--38
\OT1/cmr/m/n/10.95 can be per-
 []


Underfull \hbox (badness 4660) in paragraph at lines 38--38
\OT1/cmr/m/n/10.95 form by us-
 []


Underfull \hbox (badness 10000) in paragraph at lines 41--42
\OT1/cmr/m/n/10.95 ity, per-for-mance,
 []


Underfull \hbox (badness 10000) in paragraph at lines 41--42
\OT1/cmr/m/n/10.95 - Or-ga-ni-za-tion:
 []


Underfull \hbox (badness 5260) in paragraph at lines 41--42
\OT1/cmr/m/n/10.95 An-droid op-er-a-tive
 []


Underfull \hbox (badness 1789) in paragraph at lines 43--47
\OT1/cmr/m/n/10.95 - Out-put: re-sult from
 []


Underfull \hbox (badness 10000) in paragraph at lines 48--48
[]\OT1/cmr/m/n/10.95 Col-lected
 []


Underfull \hbox (badness 10000) in paragraph at lines 48--48
\OT1/cmr/m/n/10.95 data could
 []


Underfull \hbox (badness 5133) in paragraph at lines 48--48
\OT1/cmr/m/n/10.95 be vi-su-al-ized
 []


Underfull \hbox (badness 10000) in paragraph at lines 48--48
\OT1/cmr/m/n/10.95 in real-time
 []


Underfull \hbox (badness 4024) in paragraph at lines 48--48
\OT1/cmr/m/n/10.95 data, or re-
 []


Underfull \hbox (badness 10000) in paragraph at lines 51--52
\OT1/cmr/m/n/10.95 ity, per-for-mance,
 []


Underfull \hbox (badness 10000) in paragraph at lines 51--52
\OT1/cmr/m/n/10.95 - Or-ga-ni-za-tion:
 []


Underfull \hbox (badness 5260) in paragraph at lines 51--52
\OT1/cmr/m/n/10.95 An-droid op-er-a-tive
 []


Underfull \hbox (badness 4229) in paragraph at lines 53--57
[]\OT1/cmr/m/n/10.95 - In-put: BITal-ino or
 []


Underfull \hbox (badness 2126) in paragraph at lines 53--57
\OT1/cmr/m/n/10.95 - Source: BITal-ino or
 []


Underfull \hbox (badness 10000) in paragraph at lines 58--58
[]\OT1/cmr/m/n/10.95 An-no-ta-
 []


Underfull \hbox (badness 10000) in paragraph at lines 58--58
\OT1/cmr/m/n/10.95 tions could
 []


Underfull \hbox (badness 10000) in paragraph at lines 58--58
\OT1/cmr/m/n/10.95 be added
 []


Underfull \hbox (badness 10000) in paragraph at lines 58--58
\OT1/cmr/m/n/10.95 man-u-ally
 []


Underfull \hbox (badness 4403) in paragraph at lines 58--58
\OT1/cmr/m/n/10.95 to a cer-tain
 []


Underfull \hbox (badness 10000) in paragraph at lines 60--61
\OT1/cmr/m/n/10.95 ity, per-for-mance,
 []


Underfull \hbox (badness 10000) in paragraph at lines 60--61
\OT1/cmr/m/n/10.95 - Or-ga-ni-za-tion:
 []


Underfull \hbox (badness 5260) in paragraph at lines 60--61
\OT1/cmr/m/n/10.95 An-droid op-er-a-tive
 []


Underfull \hbox (badness 2409) in paragraph at lines 62--66
\OT1/cmr/m/n/10.95 - Out-put: an-no-ta-tions
 []


Overfull \hbox (28.8655pt too wide) in paragraph at lines 8--68
 [] 
 []

<Figures/OSADBSContext.png, id=1044, 807.015pt x 627.34375pt>
File: Figures/OSADBSContext.png Graphic file (type png)

<use Figures/OSADBSContext.png>
Package luatex.def Info: Figures/OSADBSContext.png used on input line 79.
(luatex.def)             Requested size: 417.47307pt x 324.52629pt.
 [62
Missing character: There is no “ (U+201C) in font cmr10!
Missing character: There is no ” (U+201D) in font cmr10!
] [63
Missing character: There is no – (U+2013) in font cmr10!
] [64
Missing character: There is no “ (U+201C) in font cmr10!
Missing character: There is no ” (U+201D) in font cmr10!
Missing character: There is no “ (U+201C) in font cmr10!
Missing character: There is no ” (U+201D) in font cmr10!
<./Figures/OSADBSContext.png>]
[65
Missing character: There is no “ (U+201C) in font cmr10!
Missing character: There is no ” (U+201D) in font cmr10!
] <Figures/WINDOWDSMS.png, id=1072, 735.74875pt x 512.91624pt>
File: Figures/WINDOWDSMS.png Graphic file (type png)

<use Figures/WINDOWDSMS.png>
Package luatex.def Info: Figures/WINDOWDSMS.png used on input line 95.
(luatex.def)             Requested size: 250.48637pt x 174.62401pt.

<Figures/ServerActivity.png, id=1076, 623.32875pt x 373.395pt>
File: Figures/ServerActivity.png Graphic file (type png)

<use Figures/ServerActivity.png>
Package luatex.def Info: Figures/ServerActivity.png used on input line 106.
(luatex.def)             Requested size: 417.47307pt x 250.08218pt.

<Figures/ClientThreadAc.png, id=1078, 1122.1925pt x 597.23125pt>
File: Figures/ClientThreadAc.png Graphic file (type png)

<use Figures/ClientThreadAc.png>
Package luatex.def Info: Figures/ClientThreadAc.png used on input line 114.
(luatex.def)             Requested size: 417.47307pt x 222.17502pt.

<Figures/ThreadsDBPlot.png, id=1081, 761.84625pt x 750.805pt>
File: Figures/ThreadsDBPlot.png Graphic file (type png)

<use Figures/ThreadsDBPlot.png>
Package luatex.def Info: Figures/ThreadsDBPlot.png used on input line 122.
(luatex.def)             Requested size: 417.47307pt x 411.42033pt.

Underfull \hbox (badness 10000) in paragraph at lines 90--126

 []

[66] [67
Missing character: There is no ’ (U+2019) in font cmr10!
<./Figures/WINDOWDSMS.png>] [68<./Figures/ServerActivity.png>] [69<./Figures/Cli
entThreadAc.png>] [70
Missing character: There is no ’ (U+2019) in font cmr10!
<./Figures/ThreadsDBPlot.png>]
<Figures/EDFImporter.png, id=1116, 896.34875pt x 715.67375pt>
File: Figures/EDFImporter.png Graphic file (type png)

<use Figures/EDFImporter.png>
Package luatex.def Info: Figures/EDFImporter.png used on input line 135.
(luatex.def)             Requested size: 417.47307pt x 333.31995pt.
 [71
Missing character: There is no “ (U+201C) in font cmr10!
Missing character: There is no ” (U+201D) in font cmr10!
]
<Figures/EDFExporter.png, id=1122, 951.555pt x 874.26625pt>
File: Figures/EDFExporter.png Graphic file (type png)

<use Figures/EDFExporter.png>
Package luatex.def Info: Figures/EDFExporter.png used on input line 143.
(luatex.def)             Requested size: 417.47307pt x 383.5711pt.
 [72
Missing character: There is no “ (U+201C) in font cmr10!
Missing character: There is no ” (U+201D) in font cmr10!
] [73<./Figures/EDFImporter.png>]) [74<./Figures/EDFExporter.png>] (./Chapters/
Chapter6.tex [75] [76

]
Chapter 6.
------------------------------------------------------------------------------
 6 Evaluation
------------------------------------------------------------------------------
) (./Chapters/Chapter7.tex [77] [78

]
Chapter 7.
------------------------------------------------------------------------------
 7 Conclusion
------------------------------------------------------------------------------
) (./Appendices/AppendixA.tex [79] [80

]
Appendix A.
------------------------------------------------------------------------------
 A An Appendix
------------------------------------------------------------------------------
) [81] [82

]
------------------------------------------------------------------------------
 Bibliography
------------------------------------------------------------------------------
(./Thesis.bbl
Underfull \hbox (badness 2608) in paragraph at lines 29--34
[]\OT1/cmr/m/n/10.95 BITal-ino.  Bital-ino (r)evo-lu-tion plugged kit data shee
t.  2016.  URL
 []


Underfull \hbox (badness 10000) in paragraph at lines 29--34
[][]$\OT1/cmtt/m/n/10.95 http://bitalino.com/datasheets/REVOLUTION_BITalino_Plu
gged_Kit_
 []


Underfull \hbox (badness 2384) in paragraph at lines 36--41
[]\OT1/cmr/m/n/10.95 BITal-ino.  Bital-ino (r)evo-lu-tion freestyle kit data sh
eet.  2016.  URL
 []


Underfull \hbox (badness 10000) in paragraph at lines 36--41
[][]$\OT1/cmtt/m/n/10.95 http://bitalino.com/datasheets/REVOLUTION_BITalino_Fre
estyle_Kit_
 []


Underfull \hbox (badness 1527) in paragraph at lines 67--72
[]\OT1/cmr/m/n/10.95 Health In-for-ma-tion for the Pub-lic.  Sleep ap-nea: What
 is sleep ap-nea?
 []

[83

Missing character: There is no ø (U+00F8) in font cmr10!
]
Underfull \hbox (badness 5119) in paragraph at lines 105--110
[]\OT1/cmr/m/n/10.95 By Mayo clinic staff.  Ob-struc-tive sleep ap-nea - treat-
ment.  June
 []


Underfull \hbox (badness 10000) in paragraph at lines 105--110
\OT1/cmr/m/n/10.95 15, 2016.  URL [][]$\OT1/cmtt/m/n/10.95 http://www.mayoclini
c.org/diseases-[]conditions/
 []


Underfull \hbox (badness 2970) in paragraph at lines 125--130
[]\OT1/cmr/m/n/10.95 heart.org.  All about heart rate (pulse).  April, 2016.  U
RL [][]$\OT1/cmtt/m/n/10.95 http:
 []


Underfull \hbox (badness 10000) in paragraph at lines 125--130
\OT1/cmtt/m/n/10.95 //www.heart.org/HEARTORG/Conditions/More/MyHeartandStrokeNe
ws/
 []

[84
Missing character: There is no Ø (U+00D8) in font cmr10!
]
Underfull \hbox (badness 3471) in paragraph at lines 170--175
[]\OT1/cmr/m/n/10.95 Miad Faezipour La-iali Al-maza-y-deh, Khaled Ellei-thy.  D
e-tec-tion of ob-
 []


Underfull \hbox (badness 3460) in paragraph at lines 170--175
\OT1/cmr/m/n/10.95 struc-tive sleep ap-nea through ecg sig-nal fea-tures.  May 
2012.  URL
 []


Underfull \hbox (badness 10000) in paragraph at lines 170--175
[][]$\OT1/cmtt/m/n/10.95 https://www.researchgate.net/publication/254039441_Det
ection_of_
 []


Underfull \hbox (badness 10000) in paragraph at lines 190--195
[]\OT1/cmr/m/n/10.95 heart.org.  Un-der-stand-ing blood pres-sure read-ings.  A
u-gust, 2016.
 []


Underfull \hbox (badness 10000) in paragraph at lines 190--195
\OT1/cmr/m/n/10.95 URL [][]$\OT1/cmtt/m/n/10.95 http://www.heart.org/HEARTORG/C
onditions/HighBloodPressure/
 []


Underfull \hbox (badness 10000) in paragraph at lines 190--195
\OT1/cmtt/m/n/10.95 AboutHighBloodPressure/Understanding-[]Blood-[]Pressure-[]R
eadings_UCM_
 []

[85
Missing character: There is no “ (U+201C) in font cmr10!
Missing character: There is no ” (U+201D) in font cmr10!
]
Underfull \hbox (badness 1132) in paragraph at lines 253--258
[]\OT1/cmr/m/n/10.95 George B. Moody et.al.  Phy-s-ionet: A web-based re-source
 for the study
 []

[86]
Underfull \hbox (badness 10000) in paragraph at lines 332--336
\OT1/cmtt/m/n/10.95 atm/ATM?tool=&database=shhpsgdb&rbase=&srecord=&annotator=&
signal=
 []


Underfull \hbox (badness 5832) in paragraph at lines 366--371
[]\OT1/cmr/m/n/10.95 Ellen Munthe-Kaas.  Recipe book.  2017.  URL [][]$\OT1/cmt
t/m/n/10.95 http://www.uio.
 []


Underfull \hbox (badness 10000) in paragraph at lines 366--371
\OT1/cmtt/m/n/10.95 no/studier/emner/matnat/ifi/INF3100/v16/undervisningsmateri
ale/
 []

[87
Missing character: There is no · (U+00B7) in font cmr10!
]
Underfull \hbox (badness 1533) in paragraph at lines 396--401
[]\OT1/cmr/m/n/10.95 Fabio A. Schreiber Emanuele Pani-gati and Carlo Zan-iolo. 
 Data streams
 []


Underfull \hbox (badness 4832) in paragraph at lines 396--401
\OT1/cmr/m/n/10.95 and data stream man-age-ment sys-tems and lan-guages.  2017.
  URL
 []


Underfull \hbox (badness 10000) in paragraph at lines 396--401
[][]$\OT1/cmtt/m/n/10.95 http://eecs.wsu.edu/[]yinghui/mat/courses/spring%20201
6/Reading/
 []

)
Package atveryend Info: Empty hook `BeforeClearDocument' on input line 230.
 [88]
Package atveryend Info: Empty hook `AfterLastShipout' on input line 230.
 (./Thesis.aux)
Package atveryend Info: Executing hook `AtVeryEndDocument' on input line 230.
Package atveryend Info: Executing hook `AtEndAfterFileList' on input line 230.
Package rerunfilecheck Info: File `Thesis.out' has not changed.
(rerunfilecheck)             Checksum: D70FD95AD3527E416BF8B63EF773CEE9;10878.


LaTeX Warning: There were multiply-defined labels.

Package atveryend Info: Empty hook `AtVeryVeryEnd' on input line 230.
)

Here is how much of LuaTeX's memory you used:
 14726 strings out of 495119
 125007,319454 words of node,token memory allocated
 11008 words of node memory still in use:
   5 hlist, 2 vlist, 2 rule, 1475 glue, 1 kern, 50 glue_spec, 1 write, 47 pdf_ac
tion nodes
   avail lists: 2:25,3:684,4:142,5:540,6:8201,7:3279,8:822,9:1966,10:27,11:804
 17169 multiletter control sequences out of 65536+600000
 61 fonts using 2532955 bytes
 49i,13n,45p,13205b,598s stack positions out of 5000i,500n,10000p,200000b,100000s
</usr/local/texlive/2016/texmf-dist/fonts/type1/public/amsfonts/cm/cmbx10.pfb></
usr/local/texlive/2016/texmf-dist/fonts/type1/public/amsfonts/cm/cmbx12.pfb></us
r/local/texlive/2016/texmf-dist/fonts/type1/public/amsfonts/cm/cmmi10.pfb></usr/
local/texlive/2016/texmf-dist/fonts/type1/public/amsfonts/cm/cmr10.pfb></usr/loc
al/texlive/2016/texmf-dist/fonts/type1/public/amsfonts/cm/cmr6.pfb></usr/local/t
exlive/2016/texmf-dist/fonts/type1/public/amsfonts/cm/cmr8.pfb></usr/local/texli
ve/2016/texmf-dist/fonts/type1/public/amsfonts/cm/cmr9.pfb></usr/local/texlive/2
016/texmf-dist/fonts/type1/public/amsfonts/cm/cmsy10.pfb></usr/local/texlive/201
6/texmf-dist/fonts/type1/public/amsfonts/cm/cmti10.pfb></usr/local/texlive/2016/
texmf-dist/fonts/type1/public/amsfonts/cm/cmti12.pfb></usr/local/texlive/2016/te
xmf-dist/fonts/type1/public/amsfonts/cm/cmtt10.pfb></usr/local/texlive/2016/texm
f-dist/fonts/type1/public/amsfonts/cm/cmtt8.pfb>
Output written on Thesis.pdf (103 pages, 11021185 bytes).

PDF statistics: 1373 PDF objects out of 1440 (max. 8388607)
 1165 compressed objects within 12 object streams
 298 named destinations out of 1000 (max. 131072)
 457 words of extra memory for PDF output out of 10000 (max. 10000000)

