\BOOKMARK [0][-]{dummy.1}{\376\377\000A\000b\000s\000t\000r\000a\000c\000t}{}% 1
\BOOKMARK [0][-]{dummy.2}{\376\377\000A\000c\000k\000n\000o\000w\000l\000e\000d\000g\000e\000m\000e\000n\000t\000s}{}% 2
\BOOKMARK [0][-]{dummy.4}{\376\377\000L\000i\000s\000t\000\040\000o\000f\000\040\000F\000i\000g\000u\000r\000e\000s}{}% 3
\BOOKMARK [0][-]{dummy.6}{\376\377\000L\000i\000s\000t\000\040\000o\000f\000\040\000T\000a\000b\000l\000e\000s}{}% 4
\BOOKMARK [0][-]{dummy.8}{\376\377\000L\000i\000s\000t\000\040\000o\000f\000\040\000F\000i\000g\000u\000r\000e\000s}{}% 5
\BOOKMARK [0][-]{chapter.10}{\376\377\0001\000\040\000I\000n\000t\000r\000o\000d\000u\000c\000t\000i\000o\000n}{}% 6
\BOOKMARK [1][-]{section.11}{\376\377\0001\000.\0001\000\040\000B\000a\000c\000k\000g\000r\000o\000u\000n\000d\000\040\000a\000n\000d\000\040\000M\000o\000t\000i\000v\000a\000t\000i\000o\000n}{chapter.10}% 7
\BOOKMARK [1][-]{section.12}{\376\377\0001\000.\0002\000\040\000P\000r\000o\000b\000l\000e\000m\000\040\000S\000t\000a\000t\000e\000m\000e\000n\000t}{chapter.10}% 8
\BOOKMARK [0][-]{chapter.13}{\376\377\0002\000\040\000S\000l\000e\000e\000p\000\040\000A\000p\000n\000e\000a}{}% 9
\BOOKMARK [1][-]{section.14}{\376\377\0002\000.\0001\000\040\000T\000a\000x\000o\000n\000o\000m\000y\000\040\000o\000f\000\040\000s\000l\000e\000e\000p\000\040\000a\000p\000n\000e\000a}{chapter.13}% 10
\BOOKMARK [2][-]{subsection.15}{\376\377\0002\000.\0001\000.\0001\000\040\000C\000e\000n\000t\000r\000a\000l\000\040\000s\000l\000e\000e\000p\000\040\000a\000p\000n\000e\000a}{section.14}% 11
\BOOKMARK [2][-]{subsection.16}{\376\377\0002\000.\0001\000.\0002\000\040\000O\000b\000s\000t\000r\000u\000c\000t\000i\000v\000e\000\040\000s\000l\000e\000e\000p\000\040\000a\000p\000n\000e\000a}{section.14}% 12
\BOOKMARK [2][-]{subsection.18}{\376\377\0002\000.\0001\000.\0003\000\040\000M\000i\000x\000e\000d\000\040\000s\000l\000e\000e\000p\000\040\000a\000p\000n\000e\000a}{section.14}% 13
\BOOKMARK [1][-]{section.19}{\376\377\0002\000.\0002\000\040\000O\000b\000s\000e\000r\000v\000a\000b\000l\000e\000\040\000c\000h\000a\000r\000a\000c\000t\000e\000r\000i\000s\000t\000i\000c\000s\000\040\000o\000f\000\040\000o\000b\000s\000t\000r\000u\000c\000t\000i\000v\000e\000\040\000s\000l\000e\000e\000p\000\040\000a\000p\000n\000e\000a}{chapter.13}% 14
\BOOKMARK [0][-]{chapter.21}{\376\377\0003\000\040\000D\000a\000t\000a\000\040\000s\000o\000u\000r\000c\000e\000s\000\040\000a\000n\000d\000\040\000d\000a\000t\000a\000\040\000f\000o\000r\000m\000a\000t\000s}{}% 15
\BOOKMARK [1][-]{section.22}{\376\377\0003\000.\0001\000\040\000D\000a\000t\000a\000\040\000s\000o\000u\000r\000c\000e\000s}{chapter.21}% 16
\BOOKMARK [2][-]{subsection.23}{\376\377\0003\000.\0001\000.\0001\000\040\000D\000a\000t\000a\000\040\000f\000r\000o\000m\000\040\000B\000I\000T\000a\000l\000i\000n\000o\000\040\000s\000e\000n\000s\000o\000r\000s}{section.22}% 17
\BOOKMARK [3][-]{subsubsection.24}{\376\377\0003\000.\0001\000.\0001\000.\0001\000\040\000B\000I\000T\000a\000l\000i\000n\000o\000\040\000K\000i\000t}{subsection.23}% 18
\BOOKMARK [3][-]{subsubsection.29}{\376\377\0003\000.\0001\000.\0001\000.\0002\000\040\000B\000I\000T\000a\000l\000i\000n\000o\000\040\000s\000e\000n\000s\000o\000r\000s}{subsection.23}% 19
\BOOKMARK [3][-]{subsubsection.30}{\376\377\0003\000.\0001\000.\0001\000.\0003\000\040\000L\000o\000g\000i\000c\000a\000l\000\040\000s\000e\000n\000s\000o\000r\000s}{subsection.23}% 20
\BOOKMARK [2][-]{subsection.31}{\376\377\0003\000.\0001\000.\0002\000\040\000P\000h\000y\000s\000i\000o\000n\000e\000t\000\040\000s\000e\000n\000s\000o\000r\000\040\000d\000a\000t\000a\000b\000a\000s\000e\000s}{section.22}% 21
\BOOKMARK [1][-]{section.32}{\376\377\0003\000.\0002\000\040\000D\000a\000t\000a\000\040\000f\000o\000r\000m\000a\000t\000s}{chapter.21}% 22
\BOOKMARK [2][-]{subsection.33}{\376\377\0003\000.\0002\000.\0001\000\040\000P\000h\000y\000s\000i\000o\000n\000e\000t\000\040\000s\000e\000n\000s\000o\000r\000\040\000d\000a\000t\000a\000b\000a\000s\000e\000\040\000f\000o\000r\000m\000a\000t\000s}{section.32}% 23
\BOOKMARK [2][-]{subsection.39}{\376\377\0003\000.\0002\000.\0002\000\040\000E\000D\000F\000\040\000a\000n\000d\000\040\000E\000D\000F\000+\000\040\000f\000o\000r\000m\000a\000t\000s}{section.32}% 24
\BOOKMARK [1][-]{section.42}{\376\377\0003\000.\0003\000\040\000C\000E\000S\000A\000R\000\040\000d\000a\000t\000a\000\040\000a\000c\000q\000u\000i\000s\000i\000t\000i\000o\000n\000\040\000t\000o\000o\000l\000s}{chapter.21}% 25
\BOOKMARK [2][-]{subsection.43}{\376\377\0003\000.\0003\000.\0001\000\040\000G\000e\000n\000e\000r\000i\000c\000\040\000D\000a\000t\000a\000\040\000A\000c\000q\000u\000i\000s\000i\000t\000i\000o\000n\000\040\000f\000o\000r\000\040\000M\000o\000b\000i\000l\000e\000\040\000P\000l\000a\000t\000f\000o\000r\000m\000s}{section.42}% 26
\BOOKMARK [2][-]{subsection.49}{\376\377\0003\000.\0003\000.\0002\000\040\000S\000t\000o\000r\000a\000g\000e\000B\000I\000T\000\040\000d\000a\000t\000a\000\040\000a\000c\000q\000u\000i\000s\000i\000t\000i\000o\000n}{section.42}% 27
\BOOKMARK [0][-]{chapter.51}{\376\377\0004\000\040\000D\000a\000t\000a\000b\000a\000s\000e\000\040\000m\000o\000d\000e\000l\000i\000n\000g}{}% 28
\BOOKMARK [1][-]{section.52}{\376\377\0004\000.\0001\000\040\000O\000S\000A\000\040\000d\000a\000t\000a\000b\000a\000s\000e\000\040\000s\000y\000s\000t\000e\000m\000\040\000r\000e\000q\000u\000i\000r\000e\000m\000e\000n\000t\000s}{chapter.51}% 29
\BOOKMARK [1][-]{section.55}{\376\377\0004\000.\0002\000\040\000C\000o\000n\000c\000e\000p\000t\000u\000a\000l\000\040\000d\000a\000t\000a\000\040\000m\000o\000d\000e\000l\000i\000n\000g}{chapter.51}% 30
\BOOKMARK [1][-]{section.60}{\376\377\0004\000.\0003\000\040\000L\000o\000g\000i\000c\000a\000l\000\040\000d\000a\000t\000a\000\040\000m\000o\000d\000e\000l\000i\000n\000g}{chapter.51}% 31
\BOOKMARK [2][-]{subsection.61}{\376\377\0004\000.\0003\000.\0001\000\040\000R\000e\000l\000a\000t\000i\000o\000n\000s\000h\000i\000p\000s\000\040\000b\000e\000t\000w\000e\000e\000n\000\040\000d\000i\000f\000f\000e\000r\000e\000n\000t\000\040\000e\000n\000t\000i\000t\000i\000e\000s}{section.60}% 32
\BOOKMARK [2][-]{subsection.67}{\376\377\0004\000.\0003\000.\0002\000\040\000N\000o\000r\000m\000a\000l\000i\000z\000a\000t\000i\000o\000n}{section.60}% 33
\BOOKMARK [1][-]{section.71}{\376\377\0004\000.\0004\000\040\000P\000h\000y\000s\000i\000c\000a\000l\000\040\000d\000a\000t\000a\000\040\000m\000o\000d\000e\000l\000i\000n\000g}{chapter.51}% 34
\BOOKMARK [2][-]{subsection.72}{\376\377\0004\000.\0004\000.\0001\000\040\000S\000Q\000L\000i\000t\000e\000\040\000d\000a\000t\000a\000b\000a\000s\000e\000\040\000m\000a\000n\000a\000g\000e\000m\000e\000n\000t\000\040\000s\000y\000s\000t\000e\000m}{section.71}% 35
\BOOKMARK [2][-]{subsection.73}{\376\377\0004\000.\0004\000.\0002\000\040\000T\000r\000a\000n\000s\000f\000o\000r\000m\000i\000n\000g\000\040\000t\000h\000e\000\040\000l\000o\000g\000i\000c\000a\000l\000\040\000d\000a\000t\000a\000\040\000m\000o\000d\000e\000l\000\040\000t\000o\000\040\000S\000Q\000L}{section.71}% 36
\BOOKMARK [0][-]{chapter.101}{\376\377\0005\000\040\000I\000m\000p\000l\000e\000m\000e\000n\000t\000a\000t\000i\000o\000n}{}% 37
\BOOKMARK [1][-]{section.102}{\376\377\0005\000.\0001\000\040\000R\000e\000q\000u\000i\000r\000e\000m\000e\000n\000t\000s\000\040\000f\000o\000r\000\040\000d\000a\000t\000a\000b\000a\000s\000e\000\040\000a\000p\000p\000l\000i\000c\000a\000t\000i\000o\000n}{chapter.101}% 38
\BOOKMARK [1][-]{section.105}{\376\377\0005\000.\0002\000\040\000S\000y\000s\000t\000e\000m\000\040\000m\000o\000d\000e\000l\000i\000n\000g}{chapter.101}% 39
\BOOKMARK [2][-]{subsection.106}{\376\377\0005\000.\0002\000.\0001\000\040\000R\000e\000a\000l\000-\000t\000i\000m\000e\000\040\000w\000r\000a\000p\000p\000e\000r}{section.105}% 40
\BOOKMARK [2][-]{subsection.111}{\376\377\0005\000.\0002\000.\0002\000\040\000N\000o\000n\000\040\000r\000e\000a\000l\000-\000t\000i\000m\000e\000\040\000w\000r\000a\000p\000p\000e\000r}{section.105}% 41
\BOOKMARK [3][-]{subsubsection.112}{\376\377\0005\000.\0002\000.\0002\000.\0001\000\040\000E\000D\000F\000\040\000i\000m\000p\000o\000r\000t\000e\000r}{subsection.111}% 42
\BOOKMARK [3][-]{subsubsection.114}{\376\377\0005\000.\0002\000.\0002\000.\0002\000\040\000E\000D\000F\000\040\000e\000x\000p\000o\000r\000t\000e\000r}{subsection.111}% 43
\BOOKMARK [2][-]{subsection.116}{\376\377\0005\000.\0002\000.\0003\000\040\000D\000a\000t\000a\000\040\000m\000i\000n\000i\000n\000g}{section.105}% 44
\BOOKMARK [3][-]{subsubsection.117}{\376\377\0005\000.\0002\000.\0003\000.\0001\000\040\000O\000S\000A\000\040\000p\000a\000t\000t\000e\000r\000n\000\040\000a\000n\000d\000\040\000t\000r\000a\000i\000n\000e\000d\000\040\000s\000e\000t\000s}{subsection.116}% 45
\BOOKMARK [3][-]{subsubsection.118}{\376\377\0005\000.\0002\000.\0003\000.\0002\000\040\000P\000o\000s\000s\000i\000b\000l\000e\000\040\000m\000i\000n\000i\000n\000g\000\040\000a\000l\000g\000o\000r\000i\000t\000h\000m\000s}{subsection.116}% 46
\BOOKMARK [1][-]{section.119}{\376\377\0005\000.\0003\000\040\000A\000n\000d\000r\000o\000i\000d\000\040\000s\000p\000e\000c\000i\000f\000i\000c\000\040\000d\000e\000s\000i\000g\000n\000\040\000a\000n\000d\000\040\000i\000m\000p\000l\000e\000m\000e\000n\000t\000a\000t\000i\000o\000n}{chapter.101}% 47
\BOOKMARK [2][-]{subsection.120}{\376\377\0005\000.\0003\000.\0001\000\040\000G\000r\000a\000p\000h\000i\000c\000a\000l\000\040\000u\000s\000e\000r\000\040\000i\000n\000t\000e\000r\000f\000a\000c\000e}{section.119}% 48
\BOOKMARK [2][-]{subsection.121}{\376\377\0005\000.\0003\000.\0002\000\040\000C\000E\000S\000A\000R\000\040\000w\000r\000a\000p\000p\000e\000r}{section.119}% 49
\BOOKMARK [2][-]{subsection.122}{\376\377\0005\000.\0003\000.\0003\000\040\000E\000D\000F\000\040\000w\000r\000a\000p\000p\000e\000r}{section.119}% 50
\BOOKMARK [2][-]{subsection.123}{\376\377\0005\000.\0003\000.\0004\000\040\000M\000i\000n\000i\000n\000g}{section.119}% 51
\BOOKMARK [3][-]{subsubsection.124}{\376\377\0005\000.\0003\000.\0004\000.\0001\000\040\000W\000o\000r\000k\000l\000o\000a\000d\000\040\000g\000e\000n\000e\000r\000a\000t\000o\000r}{subsection.123}% 52
\BOOKMARK [3][-]{subsubsection.125}{\376\377\0005\000.\0003\000.\0004\000.\0002\000\040\000P\000o\000s\000s\000i\000b\000l\000e\000\040\000m\000i\000n\000i\000n\000g\000\040\000a\000l\000g\000o\000r\000i\000t\000h\000m\000s}{subsection.123}% 53
\BOOKMARK [0][-]{chapter.126}{\376\377\0006\000\040\000E\000v\000a\000l\000u\000a\000t\000i\000o\000n}{}% 54
\BOOKMARK [0][-]{chapter.127}{\376\377\0007\000\040\000C\000o\000n\000c\000l\000u\000s\000i\000o\000n}{}% 55
\BOOKMARK [0][-]{appendix.128}{\376\377\000A\000\040\000A\000n\000\040\000A\000p\000p\000e\000n\000d\000i\000x}{}% 56
\BOOKMARK [0][-]{dummy.129}{\376\377\000B\000i\000b\000l\000i\000o\000g\000r\000a\000p\000h\000y}{}% 57
