\BOOKMARK [0][-]{section*.1}{\376\377\000A\000b\000s\000t\000r\000a\000c\000t}{}% 1
\BOOKMARK [0][-]{section*.2}{\376\377\000A\000c\000k\000n\000o\000w\000l\000e\000d\000g\000e\000m\000e\000n\000t\000s}{}% 2
\BOOKMARK [0][-]{chapter.7}{\376\377\000I\000n\000t\000r\000o\000d\000u\000c\000t\000i\000o\000n}{}% 3
\BOOKMARK [1][-]{section.8}{\376\377\000B\000a\000c\000k\000g\000r\000o\000u\000n\000d\000\040\000a\000n\000d\000\040\000M\000o\000t\000i\000v\000a\000t\000i\000o\000n}{chapter.7}% 4
\BOOKMARK [1][-]{section.9}{\376\377\000P\000r\000o\000b\000l\000e\000m\000\040\000S\000t\000a\000t\000e\000m\000e\000n\000t}{chapter.7}% 5
\BOOKMARK [1][-]{section.10}{\376\377\000C\000o\000n\000t\000r\000i\000b\000u\000t\000i\000o\000n\000s}{chapter.7}% 6
\BOOKMARK [1][-]{section.11}{\376\377\000S\000t\000r\000u\000c\000t\000u\000r\000e\000\040\000o\000f\000\040\000t\000h\000e\000\040\000T\000h\000e\000s\000i\000s}{chapter.7}% 7
\BOOKMARK [0][-]{chapter.12}{\376\377\000S\000l\000e\000e\000p\000\040\000A\000p\000n\000e\000a}{}% 8
\BOOKMARK [1][-]{section.13}{\376\377\000T\000a\000x\000o\000n\000o\000m\000y\000\040\000o\000f\000\040\000s\000l\000e\000e\000p\000\040\000a\000p\000n\000e\000a}{chapter.12}% 9
\BOOKMARK [2][-]{subsection.14}{\376\377\000C\000e\000n\000t\000r\000a\000l\000\040\000s\000l\000e\000e\000p\000\040\000a\000p\000n\000e\000a}{section.13}% 10
\BOOKMARK [2][-]{subsection.15}{\376\377\000O\000b\000s\000t\000r\000u\000c\000t\000i\000v\000e\000\040\000s\000l\000e\000e\000p\000\040\000a\000p\000n\000e\000a}{section.13}% 11
\BOOKMARK [2][-]{subsection.17}{\376\377\000M\000i\000x\000e\000d\000\040\000s\000l\000e\000e\000p\000\040\000a\000p\000n\000e\000a}{section.13}% 12
\BOOKMARK [1][-]{section.18}{\376\377\000O\000b\000s\000e\000r\000v\000a\000b\000l\000e\000\040\000c\000h\000a\000r\000a\000c\000t\000e\000r\000i\000s\000t\000i\000c\000s\000\040\000o\000f\000\040\000o\000b\000s\000t\000r\000u\000c\000t\000i\000v\000e\000\040\000s\000l\000e\000e\000p\000\040\000a\000p\000n\000e\000a}{chapter.12}% 13
\BOOKMARK [0][-]{chapter.20}{\376\377\000D\000a\000t\000a\000\040\000s\000o\000u\000r\000c\000e\000s\000\040\000a\000n\000d\000\040\000d\000a\000t\000a\000\040\000f\000o\000r\000m\000a\000t\000s}{}% 14
\BOOKMARK [1][-]{section.21}{\376\377\000D\000a\000t\000a\000\040\000s\000o\000u\000r\000c\000e\000s}{chapter.20}% 15
\BOOKMARK [2][-]{subsection.22}{\376\377\000D\000a\000t\000a\000\040\000f\000r\000o\000m\000\040\000B\000I\000T\000a\000l\000i\000n\000o\000\040\000s\000e\000n\000s\000o\000r\000s}{section.21}% 16
\BOOKMARK [3][-]{section*.23}{\376\377\000B\000I\000T\000a\000l\000i\000n\000o\000\040\000K\000i\000t}{subsection.22}% 17
\BOOKMARK [3][-]{section*.28}{\376\377\000B\000I\000T\000a\000l\000i\000n\000o\000\040\000s\000e\000n\000s\000o\000r\000s}{subsection.22}% 18
\BOOKMARK [3][-]{section*.29}{\376\377\000L\000o\000g\000i\000c\000a\000l\000\040\000s\000e\000n\000s\000o\000r\000s}{subsection.22}% 19
\BOOKMARK [2][-]{subsection.30}{\376\377\000P\000h\000y\000s\000i\000o\000n\000e\000t\000\040\000s\000e\000n\000s\000o\000r\000\040\000d\000a\000t\000a\000b\000a\000s\000e\000s}{section.21}% 20
\BOOKMARK [1][-]{section.31}{\376\377\000D\000a\000t\000a\000\040\000f\000o\000r\000m\000a\000t\000s}{chapter.20}% 21
\BOOKMARK [2][-]{subsection.32}{\376\377\000P\000h\000y\000s\000i\000o\000n\000e\000t\000\040\000s\000e\000n\000s\000o\000r\000\040\000d\000a\000t\000a\000b\000a\000s\000e\000\040\000f\000o\000r\000m\000a\000t\000s}{section.31}% 22
\BOOKMARK [2][-]{subsection.38}{\376\377\000E\000D\000F\000\040\000a\000n\000d\000\040\000E\000D\000F\000+\000\040\000f\000o\000r\000m\000a\000t\000s}{section.31}% 23
\BOOKMARK [1][-]{section.41}{\376\377\000C\000E\000S\000A\000R\000\040\000d\000a\000t\000a\000\040\000a\000c\000q\000u\000i\000s\000i\000t\000i\000o\000n\000\040\000t\000o\000o\000l\000s}{chapter.20}% 24
\BOOKMARK [2][-]{subsection.42}{\376\377\000G\000e\000n\000e\000r\000i\000c\000\040\000D\000a\000t\000a\000\040\000A\000c\000q\000u\000i\000s\000i\000t\000i\000o\000n\000\040\000f\000o\000r\000\040\000M\000o\000b\000i\000l\000e\000\040\000P\000l\000a\000t\000f\000o\000r\000m\000s}{section.41}% 25
\BOOKMARK [2][-]{subsection.48}{\376\377\000S\000t\000o\000r\000a\000g\000e\000B\000I\000T\000\040\000d\000a\000t\000a\000\040\000a\000c\000q\000u\000i\000s\000i\000t\000i\000o\000n}{section.41}% 26
\BOOKMARK [0][-]{chapter.50}{\376\377\000D\000a\000t\000a\000b\000a\000s\000e\000\040\000m\000o\000d\000e\000l\000i\000n\000g}{}% 27
\BOOKMARK [1][-]{section.51}{\376\377\000O\000S\000A\000\040\000d\000a\000t\000a\000b\000a\000s\000e\000\040\000s\000y\000s\000t\000e\000m\000\040\000r\000e\000q\000u\000i\000r\000e\000m\000e\000n\000t\000s}{chapter.50}% 28
\BOOKMARK [1][-]{section.54}{\376\377\000C\000o\000n\000c\000e\000p\000t\000u\000a\000l\000\040\000d\000a\000t\000a\000\040\000m\000o\000d\000e\000l\000i\000n\000g}{chapter.50}% 29
\BOOKMARK [1][-]{section.60}{\376\377\000L\000o\000g\000i\000c\000a\000l\000\040\000d\000a\000t\000a\000\040\000m\000o\000d\000e\000l\000i\000n\000g}{chapter.50}% 30
\BOOKMARK [2][-]{subsection.61}{\376\377\000R\000e\000l\000a\000t\000i\000o\000n\000s\000h\000i\000p\000s\000\040\000b\000e\000t\000w\000e\000e\000n\000\040\000d\000i\000f\000f\000e\000r\000e\000n\000t\000\040\000e\000n\000t\000i\000t\000i\000e\000s}{section.60}% 31
\BOOKMARK [2][-]{subsection.67}{\376\377\000N\000o\000r\000m\000a\000l\000i\000z\000a\000t\000i\000o\000n}{section.60}% 32
\BOOKMARK [1][-]{section.71}{\376\377\000P\000h\000y\000s\000i\000c\000a\000l\000\040\000d\000a\000t\000a\000\040\000m\000o\000d\000e\000l\000i\000n\000g}{chapter.50}% 33
\BOOKMARK [2][-]{subsection.72}{\376\377\000S\000Q\000L\000i\000t\000e\000\040\000d\000a\000t\000a\000b\000a\000s\000e\000\040\000m\000a\000n\000a\000g\000e\000m\000e\000n\000t\000\040\000s\000y\000s\000t\000e\000m}{section.71}% 34
\BOOKMARK [2][-]{subsection.73}{\376\377\000T\000r\000a\000n\000s\000f\000o\000r\000m\000i\000n\000g\000\040\000t\000h\000e\000\040\000l\000o\000g\000i\000c\000a\000l\000\040\000d\000a\000t\000a\000\040\000m\000o\000d\000e\000l\000\040\000t\000o\000\040\000S\000Q\000L}{section.71}% 35
\BOOKMARK [0][-]{chapter.101}{\376\377\000I\000m\000p\000l\000e\000m\000e\000n\000t\000a\000t\000i\000o\000n}{}% 36
\BOOKMARK [1][-]{section.102}{\376\377\000R\000e\000q\000u\000i\000r\000e\000m\000e\000n\000t\000s\000\040\000f\000o\000r\000\040\000d\000a\000t\000a\000b\000a\000s\000e\000\040\000a\000p\000p\000l\000i\000c\000a\000t\000i\000o\000n}{chapter.101}% 37
\BOOKMARK [1][-]{section.105}{\376\377\000D\000a\000t\000a\000b\000a\000s\000e\000\040\000a\000p\000p\000l\000i\000c\000a\000t\000i\000o\000n\000\040\000m\000o\000d\000e\000l\000i\000n\000g}{chapter.101}% 38
\BOOKMARK [2][-]{subsection.106}{\376\377\000R\000e\000a\000l\000-\000t\000i\000m\000e\000\040\000w\000r\000a\000p\000p\000e\000r}{section.105}% 39
\BOOKMARK [2][-]{subsection.111}{\376\377\000N\000o\000n\000\040\000r\000e\000a\000l\000-\000t\000i\000m\000e\000\040\000w\000r\000a\000p\000p\000e\000r}{section.105}% 40
\BOOKMARK [3][-]{section*.112}{\376\377\000E\000D\000F\000\040\000i\000m\000p\000o\000r\000t\000e\000r}{subsection.111}% 41
\BOOKMARK [3][-]{section*.114}{\376\377\000E\000D\000F\000\040\000e\000x\000p\000o\000r\000t\000e\000r}{subsection.111}% 42
\BOOKMARK [1][-]{section.116}{\376\377\000D\000a\000t\000a\000b\000a\000s\000e\000\040\000a\000p\000p\000l\000i\000c\000a\000t\000i\000o\000n\000\040\000i\000m\000p\000l\000e\000m\000e\000n\000t\000a\000t\000i\000o\000n}{chapter.101}% 43
\BOOKMARK [2][-]{subsection.117}{\376\377\000S\000Q\000L\000i\000t\000e\000\040\000a\000n\000d\000\040\000M\000u\000l\000t\000i\000-\000t\000h\000r\000e\000a\000d\000e\000d\000\040\000d\000a\000t\000a\000b\000a\000s\000e\000\040\000a\000c\000c\000e\000s\000s\000i\000n\000g}{section.116}% 44
\BOOKMARK [2][-]{subsection.158}{\376\377\000C\000E\000S\000A\000R\000\040\000w\000r\000a\000p\000p\000e\000r}{section.116}% 45
\BOOKMARK [2][-]{subsection.253}{\376\377\000E\000D\000F\000\040\000w\000r\000a\000p\000p\000e\000r}{section.116}% 46
\BOOKMARK [2][-]{subsection.296}{\376\377\000R\000e\000a\000l\000-\000t\000i\000m\000e\000\040\000a\000n\000d\000\040\000n\000o\000n\000-\000r\000e\000a\000l\000-\000t\000i\000m\000e\000\040\000v\000i\000s\000u\000a\000l\000i\000z\000a\000t\000i\000o\000n}{section.116}% 47
\BOOKMARK [0][-]{chapter.321}{\376\377\000E\000v\000a\000l\000u\000a\000t\000i\000o\000n}{}% 48
\BOOKMARK [1][-]{section.322}{\376\377\000R\000e\000a\000l\000-\000t\000i\000m\000e\000\040\000d\000a\000t\000a\000\040\000c\000o\000l\000l\000e\000c\000t\000i\000o\000n\000\040\000e\000x\000p\000e\000r\000i\000m\000e\000n\000t}{chapter.321}% 49
\BOOKMARK [2][-]{subsection.324}{\376\377\000E\000x\000p\000e\000r\000i\000m\000e\000n\000t\000\040\000w\000o\000r\000k\000l\000o\000a\000d\000s}{section.322}% 50
\BOOKMARK [2][-]{subsection.325}{\376\377\000E\000x\000p\000e\000r\000i\000m\000e\000n\000t\000\040\000m\000e\000t\000r\000i\000c\000s}{section.322}% 51
\BOOKMARK [2][-]{subsection.326}{\376\377\000E\000x\000p\000e\000r\000i\000m\000e\000n\000t\000\040\000s\000e\000t\000u\000p}{section.322}% 52
\BOOKMARK [2][-]{subsection.335}{\376\377\000R\000e\000s\000u\000l\000t\000s\000\040\000a\000n\000d\000\040\000d\000i\000s\000c\000u\000s\000s\000i\000o\000n}{section.322}% 53
\BOOKMARK [1][-]{section.336}{\376\377\000O\000v\000e\000r\000n\000i\000g\000h\000t\000\040\000e\000x\000p\000e\000r\000i\000m\000e\000n\000t}{chapter.321}% 54
\BOOKMARK [2][-]{subsection.337}{\376\377\000E\000x\000p\000e\000r\000i\000m\000e\000n\000t\000\040\000w\000o\000r\000k\000l\000o\000a\000d\000s\000\040\000a\000n\000d\000\040\000m\000e\000t\000r\000i\000c\000s}{section.336}% 55
\BOOKMARK [2][-]{subsection.338}{\376\377\000E\000x\000p\000e\000r\000i\000m\000e\000n\000t\000\040\000s\000e\000t\000u\000p}{section.336}% 56
\BOOKMARK [2][-]{subsection.340}{\376\377\000R\000e\000s\000u\000l\000t\000s\000\040\000a\000n\000d\000\040\000d\000i\000s\000c\000u\000s\000s\000i\000o\000n}{section.336}% 57
\BOOKMARK [1][-]{section.342}{\376\377\000E\000D\000F\000\040\000i\000m\000p\000o\000r\000t}{chapter.321}% 58
\BOOKMARK [2][-]{subsection.343}{\376\377\000E\000x\000p\000e\000r\000i\000m\000e\000n\000t\000\040\000w\000o\000r\000k\000l\000o\000a\000d\000s}{section.342}% 59
\BOOKMARK [2][-]{subsection.344}{\376\377\000E\000x\000p\000e\000r\000i\000m\000e\000n\000t\000\040\000m\000e\000t\000r\000i\000c\000s}{section.342}% 60
\BOOKMARK [2][-]{subsection.345}{\376\377\000E\000x\000p\000e\000r\000i\000m\000e\000n\000t\000\040\000s\000e\000t\000u\000p}{section.342}% 61
\BOOKMARK [2][-]{subsection.351}{\376\377\000R\000e\000s\000u\000l\000t\000s\000\040\000a\000n\000d\000\040\000d\000i\000s\000c\000u\000s\000s\000i\000o\000n}{section.342}% 62
\BOOKMARK [1][-]{section.355}{\376\377\000E\000D\000F\000\040\000e\000x\000p\000o\000r\000t}{chapter.321}% 63
\BOOKMARK [2][-]{subsection.356}{\376\377\000E\000x\000p\000e\000r\000i\000m\000e\000n\000t\000\040\000w\000o\000r\000k\000l\000o\000a\000d\000s}{section.355}% 64
\BOOKMARK [2][-]{subsection.357}{\376\377\000E\000x\000p\000e\000r\000i\000m\000e\000n\000t\000\040\000m\000e\000t\000r\000i\000c\000s}{section.355}% 65
\BOOKMARK [2][-]{subsection.358}{\376\377\000E\000x\000p\000e\000r\000i\000m\000e\000n\000t\000\040\000s\000e\000t\000u\000p}{section.355}% 66
\BOOKMARK [2][-]{subsection.360}{\376\377\000R\000e\000s\000u\000l\000t\000s\000\040\000a\000n\000d\000\040\000d\000i\000s\000c\000u\000s\000s\000i\000o\000n}{section.355}% 67
\BOOKMARK [1][-]{section.361}{\376\377\000Q\000u\000e\000r\000y\000i\000n\000g\000\040\000d\000a\000t\000a\000\040\000e\000x\000p\000e\000r\000i\000m\000e\000n\000t}{chapter.321}% 68
\BOOKMARK [2][-]{subsection.362}{\376\377\000E\000x\000p\000e\000r\000i\000m\000e\000n\000t\000\040\000w\000o\000r\000k\000l\000o\000a\000d\000s}{section.361}% 69
\BOOKMARK [2][-]{subsection.364}{\376\377\000E\000x\000p\000e\000r\000i\000m\000e\000n\000t\000\040\000m\000e\000t\000r\000i\000c\000s}{section.361}% 70
\BOOKMARK [2][-]{subsection.365}{\376\377\000E\000x\000p\000e\000r\000i\000m\000e\000n\000t\000\040\000s\000e\000t\000u\000p}{section.361}% 71
\BOOKMARK [2][-]{subsection.368}{\376\377\000R\000e\000s\000u\000l\000t\000s\000\040\000a\000n\000d\000\040\000d\000i\000s\000c\000u\000s\000s\000i\000o\000n}{section.361}% 72
\BOOKMARK [1][-]{section.369}{\376\377\000S\000t\000r\000e\000s\000s\000\040\000t\000e\000s\000t\000\040\000w\000i\000t\000h\000\040\000v\000i\000s\000u\000a\000l\000i\000z\000a\000t\000i\000o\000n\000\040\000a\000n\000d\000\040\000m\000i\000x\000e\000d\000\040\000t\000a\000s\000k\000s\000\040\000e\000x\000p\000e\000r\000i\000m\000e\000n\000t}{chapter.321}% 73
\BOOKMARK [2][-]{subsection.370}{\376\377\000E\000x\000p\000e\000r\000i\000m\000e\000n\000t\000\040\000s\000e\000t\000u\000p}{section.369}% 74
\BOOKMARK [2][-]{subsection.371}{\376\377\000R\000e\000s\000u\000l\000t\000s\000\040\000a\000n\000d\000\040\000d\000i\000s\000c\000u\000s\000s\000i\000o\000n}{section.369}% 75
\BOOKMARK [1][-]{section.373}{\376\377\000S\000u\000m\000m\000a\000r\000y\000\040\000o\000f\000\040\000r\000e\000s\000u\000l\000t\000s}{chapter.321}% 76
\BOOKMARK [0][-]{chapter.374}{\376\377\000C\000o\000n\000c\000l\000u\000s\000i\000o\000n}{}% 77
\BOOKMARK [1][-]{section.375}{\376\377\000G\000e\000n\000e\000r\000a\000l\000\040\000s\000u\000m\000m\000a\000r\000i\000z\000a\000t\000i\000o\000n}{chapter.374}% 78
\BOOKMARK [1][-]{section.376}{\376\377\000R\000e\000l\000a\000t\000e\000d\000\040\000w\000o\000r\000k\000s}{chapter.374}% 79
\BOOKMARK [1][-]{section.377}{\376\377\000C\000o\000n\000t\000r\000i\000b\000u\000t\000i\000o\000n\000s}{chapter.374}% 80
\BOOKMARK [1][-]{section.378}{\376\377\000O\000p\000e\000n\000\040\000p\000r\000o\000b\000l\000e\000m\000s}{chapter.374}% 81
\BOOKMARK [1][-]{section.379}{\376\377\000F\000u\000t\000u\000r\000e\000\040\000w\000o\000r\000k\000s}{chapter.374}% 82
\BOOKMARK [0][-]{appendix.380}{\376\377\000U\000s\000e\000r\000\040\000m\000a\000n\000u\000a\000l\000\040\000f\000o\000r\000\040\000t\000h\000e\000\040\000d\000a\000t\000a\000b\000a\000s\000e\000\040\000a\000p\000p\000l\000i\000c\000a\000t\000i\000o\000n}{}% 83
\BOOKMARK [1][-]{section.386}{\376\377\000R\000e\000a\000l\000\040\000t\000i\000m\000e\000\040\000w\000r\000a\000p\000p\000e\000r}{appendix.380}% 84
\BOOKMARK [1][-]{section.387}{\376\377\000I\000m\000p\000o\000r\000t\000\040\000E\000D\000F\000\040\000f\000i\000l\000e\000s}{appendix.380}% 85
\BOOKMARK [1][-]{section.388}{\376\377\000V\000i\000s\000u\000a\000l\000i\000z\000e\000\040\000s\000a\000m\000p\000l\000e\000s}{appendix.380}% 86
\BOOKMARK [1][-]{section.389}{\376\377\000E\000x\000p\000o\000r\000t\000\040\000E\000D\000F\000\040\000f\000i\000l\000e\000s}{appendix.380}% 87
\BOOKMARK [1][-]{section.390}{\376\377\000R\000a\000w\000\040\000q\000u\000e\000r\000y}{appendix.380}% 88
\BOOKMARK [0][-]{appendix.391}{\376\377\000R\000e\000s\000u\000l\000t\000s\000\040\000o\000f\000\040\000t\000h\000e\000\040\000e\000x\000p\000e\000r\000i\000m\000e\000n\000t\000s}{}% 89
\BOOKMARK [1][-]{section.392}{\376\377\000R\000e\000a\000l\000-\000t\000i\000m\000e\000\040\000d\000a\000t\000a\000\040\000c\000o\000l\000l\000e\000c\000t\000i\000o\000n\000\040\000e\000x\000p\000e\000r\000i\000m\000e\000n\000t}{appendix.391}% 90
\BOOKMARK [1][-]{section.394}{\376\377\000O\000v\000e\000r\000n\000i\000g\000h\000t\000\040\000e\000x\000p\000e\000r\000i\000m\000e\000n\000t}{appendix.391}% 91
\BOOKMARK [1][-]{section.396}{\376\377\000E\000D\000F\000\040\000i\000m\000p\000o\000r\000t}{appendix.391}% 92
\BOOKMARK [1][-]{section.398}{\376\377\000E\000D\000F\000\040\000e\000x\000p\000o\000r\000t}{appendix.391}% 93
\BOOKMARK [1][-]{section.400}{\376\377\000Q\000u\000e\000r\000y\000i\000n\000g\000\040\000d\000a\000t\000a\000\040\000e\000x\000p\000e\000r\000i\000m\000e\000n\000t}{appendix.391}% 94
\BOOKMARK [0][-]{appendix.402}{\376\377\000P\000y\000t\000h\000o\000n\000\040\000c\000o\000d\000e\000\040\000f\000o\000r\000\040\000p\000a\000r\000s\000i\000n\000g\000\040\000C\000P\000U\000\040\000u\000s\000a\000g\000e}{}% 95
\BOOKMARK [1][-]{section.403}{\376\377\000H\000o\000w\000\040\000t\000o\000\040\000p\000a\000r\000s\000e\000\040\000t\000h\000e\000\040\000o\000u\000t\000p\000u\000t\000\040\000f\000r\000o\000m\000\040\000B\000u\000s\000y\000b\000o\000x}{appendix.402}% 96
\BOOKMARK [1][-]{section.421}{\376\377\000P\000y\000t\000h\000o\000n\000\040\000c\000o\000d\000e\000\040\000f\000o\000r\000\040\000p\000a\000r\000s\000i\000n\000g}{appendix.402}% 97
\BOOKMARK [0][-]{appendix.461}{\376\377\000S\000Q\000L\000i\000t\000e\000\040\000c\000o\000d\000e\000\040\000f\000o\000r\000\040\000c\000r\000e\000a\000t\000i\000n\000g\000\040\000t\000a\000b\000l\000e\000s}{}% 98
\BOOKMARK [0][-]{appendix*.553}{\376\377\000B\000i\000b\000l\000i\000o\000g\000r\000a\000p\000h\000y}{}% 99
