This is LuaTeX, Version 0.95.0 (TeX Live 2016)  (format=lualatex 2016.8.24)  13 APR 2017 13:28
 restricted system commands enabled.
**Chapter7
(./Chapter7.tex
LaTeX2e <2016/03/31>
Babel <3.9r> and hyphenation patterns for 1 language(s) loaded.
! Undefined control sequence.
l.3 \chapter
          {Conclusion}% Main chapter title
The control sequence at the end of the top line
of your error message was never \def'ed. If you have
misspelled it (e.g., `\hobx'), type `I' and the correct
spelling (e.g., `I\hbox'). Otherwise just continue,
and I'll forget about whatever was undefined.


! LaTeX Error: Missing \begin{document}.

See the LaTeX manual or LaTeX Companion for explanation.
Type  H <return>  for immediate help.
 ...                                              
                                                  
l.3 \chapter{C
            onclusion}% Main chapter title
You're in trouble here.  Try typing  <return>  to proceed.
If that doesn't work, type  X <return>  to quit.


Overfull \hbox (20.0pt too wide) in paragraph at lines 3--4
[]Conclusion 
 []


! LaTeX Error: Missing \begin{document}.

See the LaTeX manual or LaTeX Companion for explanation.
Type  H <return>  for immediate help.
 ...                                              
                                                  
l.6 I
   n this chapter, the main goals of the thesis with respect to the problem ...
You're in trouble here.  Try typing  <return>  to proceed.
If that doesn't work, type  X <return>  to quit.


Overfull \hbox (20.0pt too wide) in paragraph at lines 6--8
[]In
 []

! Undefined control sequence.
l.9 \section
          {General summarization}
The control sequence at the end of the top line
of your error message was never \def'ed. If you have
misspelled it (e.g., `\hobx'), type `I' and the correct
spelling (e.g., `I\hbox'). Otherwise just continue,
and I'll forget about whatever was undefined.


! LaTeX Error: Missing \begin{document}.

See the LaTeX manual or LaTeX Companion for explanation.
Type  H <return>  for immediate help.
 ...                                              
                                                  
l.9 \section{G
            eneral summarization}
You're in trouble here.  Try typing  <return>  to proceed.
If that doesn't work, type  X <return>  to quit.


Overfull \hbox (20.0pt too wide) in paragraph at lines 9--12
[]General
 []

! Undefined control sequence.
l.13 \section
           {Related works}
The control sequence at the end of the top line
of your error message was never \def'ed. If you have
misspelled it (e.g., `\hobx'), type `I' and the correct
spelling (e.g., `I\hbox'). Otherwise just continue,
and I'll forget about whatever was undefined.


! LaTeX Error: Missing \begin{document}.

See the LaTeX manual or LaTeX Companion for explanation.
Type  H <return>  for immediate help.
 ...                                              
                                                  
l.13 \section{R
             elated works}
You're in trouble here.  Try typing  <return>  to proceed.
If that doesn't work, type  X <return>  to quit.

! Undefined control sequence.
l.14 ...creening Application for Smartphones" \citep
                                                  {IEEESLEEPAP}, "The DREAMS...
The control sequence at the end of the top line
of your error message was never \def'ed. If you have
misspelled it (e.g., `\hobx'), type `I' and the correct
spelling (e.g., `I\hbox'). Otherwise just continue,
and I'll forget about whatever was undefined.

! Undefined control sequence.
l.14 ...SLEEPAP}, "The DREAMS Apnea Database" \citep
                                                  {tcts}, "MIT-BIH Polysomno...
The control sequence at the end of the top line
of your error message was never \def'ed. If you have
misspelled it (e.g., `\hobx'), type `I' and the correct
spelling (e.g., `I\hbox'). Otherwise just continue,
and I'll forget about whatever was undefined.

! Undefined control sequence.
l.14 ..., "MIT-BIH Polysomnographic Database" \citep
                                                  {MIT_BIH}, nox medical \ci...
The control sequence at the end of the top line
of your error message was never \def'ed. If you have
misspelled it (e.g., `\hobx'), type `I' and the correct
spelling (e.g., `I\hbox'). Otherwise just continue,
and I'll forget about whatever was undefined.

! Missing $ inserted.
<inserted text> 
$
l.14 ...T-BIH Polysomnographic Database" \citep{MIT_
                                                  BIH}, nox medical \citep{n...
I've inserted a begin-math/end-math symbol since I think
you left one out. Proceed, with fingers crossed.

LaTeX Font Info:    External font `cmex10' loaded for size
(Font)              <7> on input line 14.
LaTeX Font Info:    External font `cmex10' loaded for size
(Font)              <5> on input line 14.
! Extra }, or forgotten $.
l.14 ...H Polysomnographic Database" \citep{MIT_BIH}
                                                  , nox medical \citep{noxme...
I've deleted a group-closing symbol because it seems to be
spurious, as in `$x}$'. But perhaps the } is legitimate and
you forgot something else, as in `\hbox{$x}'. In such cases
the way to recover is to insert both the forgotten and the
deleted material, e.g., by typing `I$}'.

! Undefined control sequence.
l.14 ...atabase" \citep{MIT_BIH}, nox medical \citep
                                                  {noxmedical}, and the CESA...
The control sequence at the end of the top line
of your error message was never \def'ed. If you have
misspelled it (e.g., `\hobx'), type `I' and the correct
spelling (e.g., `I\hbox'). Otherwise just continue,
and I'll forget about whatever was undefined.

! Undefined control sequence.
l.15 The CESAR acquisition tool \citep
                                    {SP} collects bio-signal data for Obstru...
The control sequence at the end of the top line
of your error message was never \def'ed. If you have
misspelled it (e.g., `\hobx'), type `I' and the correct
spelling (e.g., `I\hbox'). Otherwise just continue,
and I'll forget about whatever was undefined.

! Undefined control sequence.
l.19 ...by using the EDF/EDF plus file format \citep
                                                  {EDF1}. All metadata for s...
The control sequence at the end of the top line
of your error message was never \def'ed. If you have
misspelled it (e.g., `\hobx'), type `I' and the correct
spelling (e.g., `I\hbox'). Otherwise just continue,
and I'll forget about whatever was undefined.

! Undefined control sequence.
l.22 \section
           {Contributions}
The control sequence at the end of the top line
of your error message was never \def'ed. If you have
misspelled it (e.g., `\hobx'), type `I' and the correct
spelling (e.g., `I\hbox'). Otherwise just continue,
and I'll forget about whatever was undefined.

! Undefined control sequence.
<recently read> \section 
         
l.30 \section
           {Open problems}
The control sequence at the end of the top line
of your error message was never \def'ed. If you have
misspelled it (e.g., `\hobx'), type `I' and the correct
spelling (e.g., `I\hbox'). Otherwise just continue,
and I'll forget about whatever was undefined.

! Undefined control sequence.
l.39 \section
           {Future work}
The control sequence at the end of the top line
of your error message was never \def'ed. If you have
misspelled it (e.g., `\hobx'), type `I' and the correct
spelling (e.g., `I\hbox'). Otherwise just continue,
and I'll forget about whatever was undefined.

)
! Emergency stop.
<*> Chapter7
         
*** (job aborted, no legal \end found)



Here is how much of LuaTeX's memory you used:
 23 strings out of 495119
 100000,89155 words of node,token memory allocated 75455 words of node memory still in use:
   12 hlist, 19 disc, 4 local_par, 2 dir, 558 glue, 2 kern, 48 penalty, 4856 noa
d, 4828 math_char, 2 sub_box, 27 sub_mlist, 2899 glyph, 32 glue_spec, 2 temp, 1 
write nodes
   avail lists: 2:10,4:240,5:5,7:169,10:239
 3677 multiletter control sequences out of 65536+600000
 26 fonts using 1087199 bytes
 18i,4n,12p,1614b,86s stack positions out of 5000i,500n,10000p,200000b,100000s
!  ==> Fatal error occurred, no output PDF file produced!
